{"D:\\NodeWeb\\NodeReviewProjects\\BookApi\\api\\test\\index.js":{"path":"D:\\NodeWeb\\NodeReviewProjects\\BookApi\\api\\test\\index.js","statementMap":{"0":{"start":{"line":3,"column":29},"end":{"line":3,"column":84}},"1":{"start":{"line":5,"column":12},"end":{"line":5,"column":51}},"2":{"start":{"line":7,"column":16},"end":{"line":7,"column":60}},"3":{"start":{"line":9,"column":0},"end":{"line":9,"column":32}},"4":{"start":{"line":11,"column":13},"end":{"line":11,"column":56}},"5":{"start":{"line":13,"column":13},"end":{"line":13,"column":29}},"6":{"start":{"line":15,"column":0},"end":{"line":15,"column":43}},"7":{"start":{"line":17,"column":13},"end":{"line":17,"column":36}},"8":{"start":{"line":18,"column":0},"end":{"line":163,"column":3}},"9":{"start":{"line":19,"column":2},"end":{"line":36,"column":5}},"10":{"start":{"line":20,"column":18},"end":{"line":24,"column":5}},"11":{"start":{"line":26,"column":4},"end":{"line":35,"column":7}},"12":{"start":{"line":27,"column":6},"end":{"line":27,"column":39}},"13":{"start":{"line":28,"column":6},"end":{"line":33,"column":9}},"14":{"start":{"line":34,"column":6},"end":{"line":34,"column":13}},"15":{"start":{"line":37,"column":2},"end":{"line":47,"column":5}},"16":{"start":{"line":38,"column":18},"end":{"line":41,"column":5}},"17":{"start":{"line":43,"column":4},"end":{"line":46,"column":7}},"18":{"start":{"line":44,"column":6},"end":{"line":44,"column":39}},"19":{"start":{"line":45,"column":6},"end":{"line":45,"column":13}},"20":{"start":{"line":48,"column":2},"end":{"line":57,"column":5}},"21":{"start":{"line":49,"column":4},"end":{"line":56,"column":7}},"22":{"start":{"line":50,"column":6},"end":{"line":50,"column":39}},"23":{"start":{"line":51,"column":6},"end":{"line":51,"column":50}},"24":{"start":{"line":52,"column":6},"end":{"line":52,"column":53}},"25":{"start":{"line":53,"column":6},"end":{"line":53,"column":53}},"26":{"start":{"line":54,"column":6},"end":{"line":54,"column":59}},"27":{"start":{"line":55,"column":6},"end":{"line":55,"column":13}},"28":{"start":{"line":58,"column":2},"end":{"line":69,"column":5}},"29":{"start":{"line":59,"column":17},"end":{"line":59,"column":18}},"30":{"start":{"line":61,"column":4},"end":{"line":68,"column":7}},"31":{"start":{"line":62,"column":6},"end":{"line":62,"column":39}},"32":{"start":{"line":63,"column":6},"end":{"line":63,"column":47}},"33":{"start":{"line":64,"column":6},"end":{"line":64,"column":50}},"34":{"start":{"line":65,"column":6},"end":{"line":65,"column":50}},"35":{"start":{"line":66,"column":6},"end":{"line":66,"column":56}},"36":{"start":{"line":67,"column":6},"end":{"line":67,"column":13}},"37":{"start":{"line":70,"column":2},"end":{"line":78,"column":5}},"38":{"start":{"line":71,"column":17},"end":{"line":71,"column":21}},"39":{"start":{"line":73,"column":4},"end":{"line":77,"column":7}},"40":{"start":{"line":74,"column":6},"end":{"line":74,"column":39}},"41":{"start":{"line":75,"column":6},"end":{"line":75,"column":99}},"42":{"start":{"line":76,"column":6},"end":{"line":76,"column":13}},"43":{"start":{"line":79,"column":2},"end":{"line":87,"column":5}},"44":{"start":{"line":80,"column":17},"end":{"line":80,"column":22}},"45":{"start":{"line":82,"column":4},"end":{"line":86,"column":7}},"46":{"start":{"line":83,"column":6},"end":{"line":83,"column":39}},"47":{"start":{"line":84,"column":6},"end":{"line":84,"column":83}},"48":{"start":{"line":85,"column":6},"end":{"line":85,"column":13}},"49":{"start":{"line":88,"column":2},"end":{"line":105,"column":5}},"50":{"start":{"line":89,"column":17},"end":{"line":89,"column":18}},"51":{"start":{"line":90,"column":22},"end":{"line":95,"column":5}},"52":{"start":{"line":97,"column":4},"end":{"line":104,"column":7}},"53":{"start":{"line":98,"column":6},"end":{"line":98,"column":39}},"54":{"start":{"line":99,"column":6},"end":{"line":99,"column":53}},"55":{"start":{"line":100,"column":6},"end":{"line":100,"column":59}},"56":{"start":{"line":101,"column":6},"end":{"line":101,"column":59}},"57":{"start":{"line":102,"column":6},"end":{"line":102,"column":71}},"58":{"start":{"line":103,"column":6},"end":{"line":103,"column":13}},"59":{"start":{"line":106,"column":2},"end":{"line":120,"column":5}},"60":{"start":{"line":107,"column":17},"end":{"line":107,"column":23}},"61":{"start":{"line":108,"column":22},"end":{"line":113,"column":5}},"62":{"start":{"line":115,"column":4},"end":{"line":119,"column":7}},"63":{"start":{"line":116,"column":6},"end":{"line":116,"column":39}},"64":{"start":{"line":117,"column":6},"end":{"line":117,"column":105}},"65":{"start":{"line":118,"column":6},"end":{"line":118,"column":13}},"66":{"start":{"line":121,"column":2},"end":{"line":135,"column":5}},"67":{"start":{"line":122,"column":17},"end":{"line":122,"column":22}},"68":{"start":{"line":123,"column":22},"end":{"line":128,"column":5}},"69":{"start":{"line":130,"column":4},"end":{"line":134,"column":7}},"70":{"start":{"line":131,"column":6},"end":{"line":131,"column":39}},"71":{"start":{"line":132,"column":6},"end":{"line":132,"column":83}},"72":{"start":{"line":133,"column":6},"end":{"line":133,"column":13}},"73":{"start":{"line":136,"column":2},"end":{"line":144,"column":5}},"74":{"start":{"line":137,"column":17},"end":{"line":137,"column":18}},"75":{"start":{"line":139,"column":4},"end":{"line":143,"column":7}},"76":{"start":{"line":140,"column":6},"end":{"line":140,"column":39}},"77":{"start":{"line":141,"column":6},"end":{"line":141,"column":43}},"78":{"start":{"line":142,"column":6},"end":{"line":142,"column":13}},"79":{"start":{"line":145,"column":2},"end":{"line":153,"column":5}},"80":{"start":{"line":146,"column":17},"end":{"line":146,"column":20}},"81":{"start":{"line":148,"column":4},"end":{"line":152,"column":7}},"82":{"start":{"line":149,"column":6},"end":{"line":149,"column":39}},"83":{"start":{"line":150,"column":6},"end":{"line":150,"column":107}},"84":{"start":{"line":151,"column":6},"end":{"line":151,"column":13}},"85":{"start":{"line":154,"column":2},"end":{"line":162,"column":5}},"86":{"start":{"line":155,"column":17},"end":{"line":155,"column":22}},"87":{"start":{"line":157,"column":4},"end":{"line":161,"column":7}},"88":{"start":{"line":158,"column":6},"end":{"line":158,"column":39}},"89":{"start":{"line":159,"column":6},"end":{"line":159,"column":83}},"90":{"start":{"line":160,"column":6},"end":{"line":160,"column":13}}},"fnMap":{"0":{"name":"(anonymous_0)","decl":{"start":{"line":18,"column":58},"end":{"line":18,"column":59}},"loc":{"start":{"line":18,"column":70},"end":{"line":163,"column":1}},"line":18},"1":{"name":"(anonymous_1)","decl":{"start":{"line":19,"column":29},"end":{"line":19,"column":30}},"loc":{"start":{"line":19,"column":45},"end":{"line":36,"column":3}},"line":19},"2":{"name":"(anonymous_2)","decl":{"start":{"line":26,"column":122},"end":{"line":26,"column":123}},"loc":{"start":{"line":26,"column":142},"end":{"line":35,"column":5}},"line":26},"3":{"name":"(anonymous_3)","decl":{"start":{"line":37,"column":60},"end":{"line":37,"column":61}},"loc":{"start":{"line":37,"column":76},"end":{"line":47,"column":3}},"line":37},"4":{"name":"(anonymous_4)","decl":{"start":{"line":43,"column":122},"end":{"line":43,"column":123}},"loc":{"start":{"line":43,"column":142},"end":{"line":46,"column":5}},"line":43},"5":{"name":"(anonymous_5)","decl":{"start":{"line":48,"column":32},"end":{"line":48,"column":33}},"loc":{"start":{"line":48,"column":48},"end":{"line":57,"column":3}},"line":48},"6":{"name":"(anonymous_6)","decl":{"start":{"line":49,"column":107},"end":{"line":49,"column":108}},"loc":{"start":{"line":49,"column":127},"end":{"line":56,"column":5}},"line":49},"7":{"name":"(anonymous_7)","decl":{"start":{"line":58,"column":40},"end":{"line":58,"column":41}},"loc":{"start":{"line":58,"column":56},"end":{"line":69,"column":3}},"line":58},"8":{"name":"(anonymous_8)","decl":{"start":{"line":61,"column":123},"end":{"line":61,"column":124}},"loc":{"start":{"line":61,"column":143},"end":{"line":68,"column":5}},"line":61},"9":{"name":"(anonymous_9)","decl":{"start":{"line":70,"column":60},"end":{"line":70,"column":61}},"loc":{"start":{"line":70,"column":76},"end":{"line":78,"column":3}},"line":70},"10":{"name":"(anonymous_10)","decl":{"start":{"line":73,"column":123},"end":{"line":73,"column":124}},"loc":{"start":{"line":73,"column":143},"end":{"line":77,"column":5}},"line":73},"11":{"name":"(anonymous_11)","decl":{"start":{"line":79,"column":64},"end":{"line":79,"column":65}},"loc":{"start":{"line":79,"column":80},"end":{"line":87,"column":3}},"line":79},"12":{"name":"(anonymous_12)","decl":{"start":{"line":82,"column":123},"end":{"line":82,"column":124}},"loc":{"start":{"line":82,"column":143},"end":{"line":86,"column":5}},"line":82},"13":{"name":"(anonymous_13)","decl":{"start":{"line":88,"column":32},"end":{"line":88,"column":33}},"loc":{"start":{"line":88,"column":48},"end":{"line":105,"column":3}},"line":88},"14":{"name":"(anonymous_14)","decl":{"start":{"line":97,"column":141},"end":{"line":97,"column":142}},"loc":{"start":{"line":97,"column":161},"end":{"line":104,"column":5}},"line":97},"15":{"name":"(anonymous_15)","decl":{"start":{"line":106,"column":52},"end":{"line":106,"column":53}},"loc":{"start":{"line":106,"column":68},"end":{"line":120,"column":3}},"line":106},"16":{"name":"(anonymous_16)","decl":{"start":{"line":115,"column":141},"end":{"line":115,"column":142}},"loc":{"start":{"line":115,"column":161},"end":{"line":119,"column":5}},"line":115},"17":{"name":"(anonymous_17)","decl":{"start":{"line":121,"column":62},"end":{"line":121,"column":63}},"loc":{"start":{"line":121,"column":78},"end":{"line":135,"column":3}},"line":121},"18":{"name":"(anonymous_18)","decl":{"start":{"line":130,"column":141},"end":{"line":130,"column":142}},"loc":{"start":{"line":130,"column":161},"end":{"line":134,"column":5}},"line":130},"19":{"name":"(anonymous_19)","decl":{"start":{"line":136,"column":32},"end":{"line":136,"column":33}},"loc":{"start":{"line":136,"column":48},"end":{"line":144,"column":3}},"line":136},"20":{"name":"(anonymous_20)","decl":{"start":{"line":139,"column":129},"end":{"line":139,"column":130}},"loc":{"start":{"line":139,"column":149},"end":{"line":143,"column":5}},"line":139},"21":{"name":"(anonymous_21)","decl":{"start":{"line":145,"column":52},"end":{"line":145,"column":53}},"loc":{"start":{"line":145,"column":68},"end":{"line":153,"column":3}},"line":145},"22":{"name":"(anonymous_22)","decl":{"start":{"line":148,"column":129},"end":{"line":148,"column":130}},"loc":{"start":{"line":148,"column":149},"end":{"line":152,"column":5}},"line":148},"23":{"name":"(anonymous_23)","decl":{"start":{"line":154,"column":56},"end":{"line":154,"column":57}},"loc":{"start":{"line":154,"column":72},"end":{"line":162,"column":3}},"line":154},"24":{"name":"(anonymous_24)","decl":{"start":{"line":157,"column":129},"end":{"line":157,"column":130}},"loc":{"start":{"line":157,"column":149},"end":{"line":161,"column":5}},"line":157}},"branchMap":{},"s":{"0":1,"1":1,"2":1,"3":1,"4":1,"5":1,"6":1,"7":1,"8":1,"9":1,"10":0,"11":0,"12":0,"13":0,"14":0,"15":1,"16":0,"17":0,"18":0,"19":0,"20":1,"21":0,"22":0,"23":0,"24":0,"25":0,"26":0,"27":0,"28":1,"29":0,"30":0,"31":0,"32":0,"33":0,"34":0,"35":0,"36":0,"37":1,"38":0,"39":0,"40":0,"41":0,"42":0,"43":1,"44":0,"45":0,"46":0,"47":0,"48":0,"49":1,"50":0,"51":0,"52":0,"53":0,"54":0,"55":0,"56":0,"57":0,"58":0,"59":1,"60":0,"61":0,"62":0,"63":0,"64":0,"65":0,"66":1,"67":0,"68":0,"69":0,"70":0,"71":0,"72":0,"73":1,"74":0,"75":0,"76":0,"77":0,"78":0,"79":1,"80":0,"81":0,"82":0,"83":0,"84":0,"85":1,"86":0,"87":0,"88":0,"89":0,"90":0},"f":{"0":1,"1":0,"2":0,"3":0,"4":0,"5":0,"6":0,"7":0,"8":0,"9":0,"10":0,"11":0,"12":0,"13":0,"14":0,"15":0,"16":0,"17":0,"18":0,"19":0,"20":0,"21":0,"22":0,"23":0,"24":0},"b":{},"inputSourceMap":{"version":3,"sources":["index.js"],"names":["chai","use","chaiHttp","expect","it","done","newBook","title","price","description","request","app","post","set","send","end","err","res","status","to","equal","body","data","include","id","get","should","have","property","bookId","eql","updatedBook","put"],"mappings":";;;;AAAA;;AACA;;AACA;;AACA;;AACA;;AAEAA,iBAAKC,GAAL,CAASC,oBAAT;;IACOC,M,GAAUH,gB,CAAVG,M;AAEP,qBAAS,mCAAT,EAA8C,YAAM;AAChDC,EAAAA,EAAE,CAAC,sBAAD,EAAyB,UAACC,IAAD,EAAU;AAClC,QAAMC,OAAO,GAAG;AACZC,MAAAA,KAAK,EAAE,oBADK;AAEZC,MAAAA,KAAK,EAAE,KAFK;AAGZC,MAAAA,WAAW,EAAE;AAHD,KAAhB;;AAMAT,qBAAKU,OAAL,CAAaC,iBAAb,EACKC,IADL,CACU,eADV,EAEKC,GAFL,CAES,QAFT,EAEmB,kBAFnB,EAGKC,IAHL,CAGUR,OAHV,EAIKS,GAJL,CAIS,UAACC,GAAD,EAAMC,GAAN,EAAc;AACfd,MAAAA,MAAM,CAACc,GAAG,CAACC,MAAL,CAAN,CAAmBC,EAAnB,CAAsBC,KAAtB,CAA4B,GAA5B;AACAjB,MAAAA,MAAM,CAACc,GAAG,CAACI,IAAJ,CAASC,IAAV,CAAN,CAAsBH,EAAtB,CAAyBI,OAAzB,CAAiC;AAC7BC,QAAAA,EAAE,EAAE,CADyB;AAE7BjB,QAAAA,KAAK,EAAED,OAAO,CAACC,KAFc;AAG7BC,QAAAA,KAAK,EAAEF,OAAO,CAACE,KAHc;AAI7BC,QAAAA,WAAW,EAAEH,OAAO,CAACG;AAJQ,OAAjC;AAMAJ,MAAAA,IAAI;AACP,KAbL;AAcF,GArBC,CAAF;AAuBAD,EAAAA,EAAE,CAAC,qDAAD,EAAwD,UAACC,IAAD,EAAU;AAChE,QAAMC,OAAO,GAAG;AACZE,MAAAA,KAAK,EAAE,KADK;AAEZC,MAAAA,WAAW,EAAE;AAFD,KAAhB;;AAKAT,qBAAKU,OAAL,CAAaC,iBAAb,EACKC,IADL,CACU,eADV,EAEKC,GAFL,CAES,QAFT,EAEmB,kBAFnB,EAGKC,IAHL,CAGUR,OAHV,EAIKS,GAJL,CAIS,UAACC,GAAD,EAAMC,GAAN,EAAc;AACfd,MAAAA,MAAM,CAACc,GAAG,CAACC,MAAL,CAAN,CAAmBC,EAAnB,CAAsBC,KAAtB,CAA4B,GAA5B;AACAf,MAAAA,IAAI;AACP,KAPL;AAQH,GAdC,CAAF;AAgBAD,EAAAA,EAAE,CAAC,yBAAD,EAA4B,UAACC,IAAD,EAAU;AACpCL,qBAAKU,OAAL,CAAaC,iBAAb,EACKc,GADL,CACS,eADT,EAEKZ,GAFL,CAES,QAFT,EAEmB,kBAFnB,EAGKE,GAHL,CAGS,UAACC,GAAD,EAAMC,GAAN,EAAc;AACfd,MAAAA,MAAM,CAACc,GAAG,CAACC,MAAL,CAAN,CAAmBC,EAAnB,CAAsBC,KAAtB,CAA4B,GAA5B;AACAH,MAAAA,GAAG,CAACI,IAAJ,CAASC,IAAT,CAAc,CAAd,EAAiBI,MAAjB,CAAwBC,IAAxB,CAA6BC,QAA7B,CAAsC,IAAtC;AACAX,MAAAA,GAAG,CAACI,IAAJ,CAASC,IAAT,CAAc,CAAd,EAAiBI,MAAjB,CAAwBC,IAAxB,CAA6BC,QAA7B,CAAsC,OAAtC;AACAX,MAAAA,GAAG,CAACI,IAAJ,CAASC,IAAT,CAAc,CAAd,EAAiBI,MAAjB,CAAwBC,IAAxB,CAA6BC,QAA7B,CAAsC,OAAtC;AACAX,MAAAA,GAAG,CAACI,IAAJ,CAASC,IAAT,CAAc,CAAd,EAAiBI,MAAjB,CAAwBC,IAAxB,CAA6BC,QAA7B,CAAsC,aAAtC;AACAvB,MAAAA,IAAI;AACP,KAVL;AAWH,GAZC,CAAF;AAcAD,EAAAA,EAAE,CAAC,iCAAD,EAAoC,UAACC,IAAD,EAAU;AAC5C,QAAMwB,MAAM,GAAG,CAAf;;AACA7B,qBAAKU,OAAL,CAAaC,iBAAb,EACKc,GADL,yBAC0BI,MAD1B,GAEKhB,GAFL,CAES,QAFT,EAEmB,kBAFnB,EAGKE,GAHL,CAGS,UAACC,GAAD,EAAMC,GAAN,EAAc;AACfd,MAAAA,MAAM,CAACc,GAAG,CAACC,MAAL,CAAN,CAAmBC,EAAnB,CAAsBC,KAAtB,CAA4B,GAA5B;AACAH,MAAAA,GAAG,CAACI,IAAJ,CAASC,IAAT,CAAcI,MAAd,CAAqBC,IAArB,CAA0BC,QAA1B,CAAmC,IAAnC;AACAX,MAAAA,GAAG,CAACI,IAAJ,CAASC,IAAT,CAAcI,MAAd,CAAqBC,IAArB,CAA0BC,QAA1B,CAAmC,OAAnC;AACAX,MAAAA,GAAG,CAACI,IAAJ,CAASC,IAAT,CAAcI,MAAd,CAAqBC,IAArB,CAA0BC,QAA1B,CAAmC,OAAnC;AACAX,MAAAA,GAAG,CAACI,IAAJ,CAASC,IAAT,CAAcI,MAAd,CAAqBC,IAArB,CAA0BC,QAA1B,CAAmC,aAAnC;AACAvB,MAAAA,IAAI;AACP,KAVL;AAWH,GAbC,CAAF;AAeAD,EAAAA,EAAE,CAAC,qDAAD,EAAwD,UAACC,IAAD,EAAU;AAChE,QAAMwB,MAAM,GAAG,IAAf;;AACA7B,qBAAKU,OAAL,CAAaC,iBAAb,EACKc,GADL,yBAC0BI,MAD1B,GAEKhB,GAFL,CAES,QAFT,EAEmB,kBAFnB,EAGKE,GAHL,CAGS,UAACC,GAAD,EAAMC,GAAN,EAAc;AACfd,MAAAA,MAAM,CAACc,GAAG,CAACC,MAAL,CAAN,CAAmBC,EAAnB,CAAsBC,KAAtB,CAA4B,GAA5B;AACAH,MAAAA,GAAG,CAACI,IAAJ,CAASK,MAAT,CAAgBC,IAAhB,CAAqBC,QAArB,CAA8B,SAA9B,EAAyCE,GAAzC,wCAA6ED,MAA7E;AACAxB,MAAAA,IAAI;AACP,KAPL;AAQH,GAVC,CAAF;AAYAD,EAAAA,EAAE,CAAC,yDAAD,EAA4D,UAACC,IAAD,EAAU;AACpE,QAAMwB,MAAM,GAAG,KAAf;;AACA7B,qBAAKU,OAAL,CAAaC,iBAAb,EACKc,GADL,yBAC0BI,MAD1B,GAEKhB,GAFL,CAES,QAFT,EAEmB,kBAFnB,EAGKE,GAHL,CAGS,UAACC,GAAD,EAAMC,GAAN,EAAc;AACfd,MAAAA,MAAM,CAACc,GAAG,CAACC,MAAL,CAAN,CAAmBC,EAAnB,CAAsBC,KAAtB,CAA4B,GAA5B;AACAH,MAAAA,GAAG,CAACI,IAAJ,CAASK,MAAT,CAAgBC,IAAhB,CAAqBC,QAArB,CAA8B,SAA9B,EAAyCE,GAAzC,CAA6C,8BAA7C;AACAzB,MAAAA,IAAI;AACP,KAPL;AAQH,GAVC,CAAF;AAYAD,EAAAA,EAAE,CAAC,yBAAD,EAA4B,UAACC,IAAD,EAAU;AACpC,QAAMwB,MAAM,GAAG,CAAf;AACA,QAAME,WAAW,GAAG;AAChBP,MAAAA,EAAE,EAAEK,MADY;AAEhBtB,MAAAA,KAAK,EAAE,sBAFS;AAGhBC,MAAAA,KAAK,EAAE,QAHS;AAIhBC,MAAAA,WAAW,EAAE;AAJG,KAApB;;AAMAT,qBAAKU,OAAL,CAAaC,iBAAb,EACKqB,GADL,yBAC0BH,MAD1B,GAEKhB,GAFL,CAES,QAFT,EAEmB,kBAFnB,EAGKC,IAHL,CAGUiB,WAHV,EAIKhB,GAJL,CAIS,UAACC,GAAD,EAAMC,GAAN,EAAc;AACfd,MAAAA,MAAM,CAACc,GAAG,CAACC,MAAL,CAAN,CAAmBC,EAAnB,CAAsBC,KAAtB,CAA4B,GAA5B;AACAjB,MAAAA,MAAM,CAACc,GAAG,CAACI,IAAJ,CAASC,IAAT,CAAcE,EAAf,CAAN,CAAyBJ,KAAzB,CAA+BW,WAAW,CAACP,EAA3C;AACArB,MAAAA,MAAM,CAACc,GAAG,CAACI,IAAJ,CAASC,IAAT,CAAcf,KAAf,CAAN,CAA4Ba,KAA5B,CAAkCW,WAAW,CAACxB,KAA9C;AACAJ,MAAAA,MAAM,CAACc,GAAG,CAACI,IAAJ,CAASC,IAAT,CAAcd,KAAf,CAAN,CAA4BY,KAA5B,CAAkCW,WAAW,CAACvB,KAA9C;AACAL,MAAAA,MAAM,CAACc,GAAG,CAACI,IAAJ,CAASC,IAAT,CAAcb,WAAf,CAAN,CAAkCW,KAAlC,CAAwCW,WAAW,CAACtB,WAApD;AACAJ,MAAAA,IAAI;AACP,KAXL;AAYH,GApBC,CAAF;AAsBAD,EAAAA,EAAE,CAAC,6CAAD,EAAgD,UAACC,IAAD,EAAU;AACxD,QAAMwB,MAAM,GAAG,MAAf;AACA,QAAME,WAAW,GAAG;AAChBP,MAAAA,EAAE,EAAEK,MADY;AAEhBtB,MAAAA,KAAK,EAAE,4BAFS;AAGhBC,MAAAA,KAAK,EAAE,QAHS;AAIhBC,MAAAA,WAAW,EAAE;AAJG,KAApB;;AAMAT,qBAAKU,OAAL,CAAaC,iBAAb,EACKqB,GADL,yBAC0BH,MAD1B,GAEKhB,GAFL,CAES,QAFT,EAEmB,kBAFnB,EAGKC,IAHL,CAGUiB,WAHV,EAIKhB,GAJL,CAIS,UAACC,GAAD,EAAMC,GAAN,EAAc;AACfd,MAAAA,MAAM,CAACc,GAAG,CAACC,MAAL,CAAN,CAAmBC,EAAnB,CAAsBC,KAAtB,CAA4B,GAA5B;AACAH,MAAAA,GAAG,CAACI,IAAJ,CAASK,MAAT,CAAgBC,IAAhB,CAAqBC,QAArB,CAA8B,SAA9B,EAAyCE,GAAzC,8CAAmFD,MAAnF;AACAxB,MAAAA,IAAI;AACP,KARL;AASH,GAjBC,CAAF;AAmBAD,EAAAA,EAAE,CAAC,uDAAD,EAA0D,UAACC,IAAD,EAAU;AAClE,QAAMwB,MAAM,GAAG,KAAf;AACA,QAAME,WAAW,GAAG;AAChBP,MAAAA,EAAE,EAAEK,MADY;AAEhBtB,MAAAA,KAAK,EAAE,4BAFS;AAGhBC,MAAAA,KAAK,EAAE,QAHS;AAIhBC,MAAAA,WAAW,EAAE;AAJG,KAApB;;AAMAT,qBAAKU,OAAL,CAAaC,iBAAb,EACKqB,GADL,yBAC0BH,MAD1B,GAEKhB,GAFL,CAES,QAFT,EAEmB,kBAFnB,EAGKC,IAHL,CAGUiB,WAHV,EAIKhB,GAJL,CAIS,UAACC,GAAD,EAAMC,GAAN,EAAc;AACfd,MAAAA,MAAM,CAACc,GAAG,CAACC,MAAL,CAAN,CAAmBC,EAAnB,CAAsBC,KAAtB,CAA4B,GAA5B;AACAH,MAAAA,GAAG,CAACI,IAAJ,CAASK,MAAT,CAAgBC,IAAhB,CAAqBC,QAArB,CAA8B,SAA9B,EAAyCE,GAAzC,CAA6C,8BAA7C;AACAzB,MAAAA,IAAI;AACP,KARL;AASH,GAjBC,CAAF;AAmBAD,EAAAA,EAAE,CAAC,yBAAD,EAA4B,UAACC,IAAD,EAAU;AACpC,QAAMwB,MAAM,GAAG,CAAf;;AACA7B,qBAAKU,OAAL,CAAaC,iBAAb,oCAC6BkB,MAD7B,GAEKhB,GAFL,CAES,QAFT,EAEmB,kBAFnB,EAGKE,GAHL,CAGS,UAACC,GAAD,EAAMC,GAAN,EAAc;AACfd,MAAAA,MAAM,CAACc,GAAG,CAACC,MAAL,CAAN,CAAmBC,EAAnB,CAAsBC,KAAtB,CAA4B,GAA5B;AACAjB,MAAAA,MAAM,CAACc,GAAG,CAACI,IAAJ,CAASC,IAAV,CAAN,CAAsBH,EAAtB,CAAyBI,OAAzB,CAAiC,EAAjC;AACAlB,MAAAA,IAAI;AACP,KAPL;AAQH,GAVC,CAAF;AAYAD,EAAAA,EAAE,CAAC,6CAAD,EAAgD,UAACC,IAAD,EAAU;AACxD,QAAMwB,MAAM,GAAG,GAAf;;AACA7B,qBAAKU,OAAL,CAAaC,iBAAb,oCAC6BkB,MAD7B,GAEKhB,GAFL,CAES,QAFT,EAEmB,kBAFnB,EAGKE,GAHL,CAGS,UAACC,GAAD,EAAMC,GAAN,EAAc;AACfd,MAAAA,MAAM,CAACc,GAAG,CAACC,MAAL,CAAN,CAAmBC,EAAnB,CAAsBC,KAAtB,CAA4B,GAA5B;AACAH,MAAAA,GAAG,CAACI,IAAJ,CAASK,MAAT,CAAgBC,IAAhB,CAAqBC,QAArB,CAA8B,SAA9B,EAAyCE,GAAzC,4BAAiED,MAAjE;AACAxB,MAAAA,IAAI;AACP,KAPL;AAQH,GAVC,CAAF;AAYAD,EAAAA,EAAE,CAAC,iDAAD,EAAoD,UAACC,IAAD,EAAU;AAC5D,QAAMwB,MAAM,GAAG,KAAf;;AACA7B,qBAAKU,OAAL,CAAaC,iBAAb,oCAC6BkB,MAD7B,GAEKhB,GAFL,CAES,QAFT,EAEmB,kBAFnB,EAGKE,GAHL,CAGS,UAACC,GAAD,EAAMC,GAAN,EAAc;AACfd,MAAAA,MAAM,CAACc,GAAG,CAACC,MAAL,CAAN,CAAmBC,EAAnB,CAAsBC,KAAtB,CAA4B,GAA5B;AACAH,MAAAA,GAAG,CAACI,IAAJ,CAASK,MAAT,CAAgBC,IAAhB,CAAqBC,QAArB,CAA8B,SAA9B,EAAyCE,GAAzC,CAA6C,8BAA7C;AACAzB,MAAAA,IAAI;AACP,KAPL;AAQH,GAVC,CAAF;AAWH,CA5LD","sourceRoot":"D:\\NodeWeb\\NodeReviewProjects\\BookApi\\api\\test\\","sourcesContent":["import chai from 'chai';\r\nimport chaiHttp from \"chai-http\";\r\nimport 'chai/register-should';\r\nimport app from '../index';\r\nimport {describe} from \"mocha\";\r\n\r\nchai.use(chaiHttp);\r\nconst {expect} = chai;\r\n\r\ndescribe('Testing the endpoints of book api', () => {\r\n    it('should create a book', (done) => {\r\n       const newBook = {\r\n           title: 'First awesome book',\r\n           price: \"499\",\r\n           description: 'This is example book description'\r\n       }\r\n\r\n       chai.request(app)\r\n           .post('/api/v1/books')\r\n           .set('Accept', 'application/json')\r\n           .send(newBook)\r\n           .end((err, res) => {\r\n               expect(res.status).to.equal(201);\r\n               expect(res.body.data).to.include({\r\n                   id: 1,\r\n                   title: newBook.title,\r\n                   price: newBook.price,\r\n                   description: newBook.description,\r\n               });\r\n               done();\r\n           })\r\n    });\r\n\r\n    it('should not create a book with incomplete parameters', (done) => {\r\n        const newBook = {\r\n            price: '220',\r\n            description: \"AWesome to aweome\"\r\n        };\r\n\r\n        chai.request(app)\r\n            .post('/api/v1/books')\r\n            .set('Accept', 'application/json')\r\n            .send(newBook)\r\n            .end((err, res) => {\r\n                expect(res.status).to.equal(400);\r\n                done();\r\n            })\r\n    });\r\n\r\n    it('It should get all books', (done) => {\r\n        chai.request(app)\r\n            .get('/api/v1/books')\r\n            .set('Accept', 'application/json')\r\n            .end((err, res) => {\r\n                expect(res.status).to.equal(200);\r\n                res.body.data[0].should.have.property('id');\r\n                res.body.data[0].should.have.property('title');\r\n                res.body.data[0].should.have.property('price');\r\n                res.body.data[0].should.have.property('description');\r\n                done();\r\n            });\r\n    });\r\n\r\n    it('It should get a particular book', (done) => {\r\n        const bookId = 1;\r\n        chai.request(app)\r\n            .get(`/api/v1/books/${bookId}`)\r\n            .set('Accept', 'application/json')\r\n            .end((err, res) => {\r\n                expect(res.status).to.equal(200);\r\n                res.body.data.should.have.property('id');\r\n                res.body.data.should.have.property('title');\r\n                res.body.data.should.have.property('price');\r\n                res.body.data.should.have.property('description');\r\n                done();\r\n            });\r\n    });\r\n\r\n    it('It should not get a particular book with invalid id', (done) => {\r\n        const bookId = 1000;\r\n        chai.request(app)\r\n            .get(`/api/v1/books/${bookId}`)\r\n            .set('Accept', 'application/json')\r\n            .end((err, res) => {\r\n                expect(res.status).to.equal(404);\r\n                res.body.should.have.property('message').eql(`Cannot find book with the id ${bookId}`);\r\n                done();\r\n            });\r\n    });\r\n\r\n    it('It should not get a particular book with non-numeric id', (done) => {\r\n        const bookId = 'aaa';\r\n        chai.request(app)\r\n            .get(`/api/v1/books/${bookId}`)\r\n            .set('Accept', 'application/json')\r\n            .end((err, res) => {\r\n                expect(res.status).to.equal(400);\r\n                res.body.should.have.property('message').eql('Please input a number value!');\r\n                done();\r\n            });\r\n    });\r\n\r\n    it('It should update a book', (done) => {\r\n        const bookId = 1;\r\n        const updatedBook = {\r\n            id: bookId,\r\n            title: 'Updated Awesome book',\r\n            price: '$10.99',\r\n            description: 'We have updated the price'\r\n        };\r\n        chai.request(app)\r\n            .put(`/api/v1/books/${bookId}`)\r\n            .set('Accept', 'application/json')\r\n            .send(updatedBook)\r\n            .end((err, res) => {\r\n                expect(res.status).to.equal(200);\r\n                expect(res.body.data.id).equal(updatedBook.id);\r\n                expect(res.body.data.title).equal(updatedBook.title);\r\n                expect(res.body.data.price).equal(updatedBook.price);\r\n                expect(res.body.data.description).equal(updatedBook.description);\r\n                done();\r\n            });\r\n    });\r\n\r\n    it('It should not update a book with invalid id', (done) => {\r\n        const bookId = '9999';\r\n        const updatedBook = {\r\n            id: bookId,\r\n            title: 'Updated Awesome book again',\r\n            price: '$11.99',\r\n            description: 'We have updated the price'\r\n        };\r\n        chai.request(app)\r\n            .put(`/api/v1/books/${bookId}`)\r\n            .set('Accept', 'application/json')\r\n            .send(updatedBook)\r\n            .end((err, res) => {\r\n                expect(res.status).to.equal(404);\r\n                res.body.should.have.property('message').eql(`Can't find the book with the id of ${bookId}`);\r\n                done();\r\n            });\r\n    });\r\n\r\n    it('It should not update a book with non-numeric id value', (done) => {\r\n        const bookId = 'ggg';\r\n        const updatedBook = {\r\n            id: bookId,\r\n            title: 'Updated Awesome book again',\r\n            price: '$11.99',\r\n            description: 'We have updated the price'\r\n        };\r\n        chai.request(app)\r\n            .put(`/api/v1/books/${bookId}`)\r\n            .set('Accept', 'application/json')\r\n            .send(updatedBook)\r\n            .end((err, res) => {\r\n                expect(res.status).to.equal(400);\r\n                res.body.should.have.property('message').eql('Please input a valid number!');\r\n                done();\r\n            });\r\n    });\r\n\r\n    it('It should delete a book', (done) => {\r\n        const bookId = 1;\r\n        chai.request(app)\r\n            .delete(`/api/v1/books/${bookId}`)\r\n            .set('Accept', 'application/json')\r\n            .end((err, res) => {\r\n                expect(res.status).to.equal(200);\r\n                expect(res.body.data).to.include({});\r\n                done();\r\n            });\r\n    });\r\n\r\n    it('It should not delete a book with invalid id', (done) => {\r\n        const bookId = 777;\r\n        chai.request(app)\r\n            .delete(`/api/v1/books/${bookId}`)\r\n            .set('Accept', 'application/json')\r\n            .end((err, res) => {\r\n                expect(res.status).to.equal(404);\r\n                res.body.should.have.property('message').eql(`Book with the id ${bookId} can't be found!`);\r\n                done();\r\n            });\r\n    });\r\n\r\n    it('It should not delete a book with non-numeric id', (done) => {\r\n        const bookId = 'bbb';\r\n        chai.request(app)\r\n            .delete(`/api/v1/books/${bookId}`)\r\n            .set('Accept', 'application/json')\r\n            .end((err, res) => {\r\n                expect(res.status).to.equal(400);\r\n                res.body.should.have.property('message').eql('Please input a number value!');\r\n                done();\r\n            });\r\n    });\r\n});"]},"_coverageSchema":"1a1c01bbd47fc00a2c39e90264f33305004495a9","hash":"8feba8247e847316f87c8bb64c0505ebec8ba0c1","contentHash":"cbc88d261d385e2b5bae133715eee63135ffba1a723ce2e03671aec25e627bba"},"D:\\NodeWeb\\NodeReviewProjects\\BookApi\\api\\index.js":{"path":"D:\\NodeWeb\\NodeReviewProjects\\BookApi\\api\\index.js","statementMap":{"0":{"start":{"line":3,"column":29},"end":{"line":3,"column":84}},"1":{"start":{"line":5,"column":0},"end":{"line":7,"column":3}},"2":{"start":{"line":8,"column":0},"end":{"line":8,"column":28}},"3":{"start":{"line":10,"column":14},"end":{"line":10,"column":55}},"4":{"start":{"line":12,"column":15},"end":{"line":12,"column":57}},"5":{"start":{"line":14,"column":12},"end":{"line":14,"column":51}},"6":{"start":{"line":16,"column":18},"end":{"line":16,"column":79}},"7":{"start":{"line":18,"column":18},"end":{"line":18,"column":79}},"8":{"start":{"line":20,"column":0},"end":{"line":20,"column":28}},"9":{"start":{"line":22,"column":10},"end":{"line":22,"column":36}},"10":{"start":{"line":23,"column":0},"end":{"line":23,"column":76}},"11":{"start":{"line":24,"column":0},"end":{"line":24,"column":36}},"12":{"start":{"line":25,"column":0},"end":{"line":27,"column":4}},"13":{"start":{"line":28,"column":0},"end":{"line":38,"column":3}},"14":{"start":{"line":29,"column":2},"end":{"line":29,"column":49}},"15":{"start":{"line":30,"column":2},"end":{"line":30,"column":110}},"16":{"start":{"line":32,"column":2},"end":{"line":35,"column":3}},"17":{"start":{"line":33,"column":4},"end":{"line":33,"column":80}},"18":{"start":{"line":34,"column":4},"end":{"line":34,"column":36}},"19":{"start":{"line":37,"column":2},"end":{"line":37,"column":9}},"20":{"start":{"line":39,"column":0},"end":{"line":39,"column":33}},"21":{"start":{"line":40,"column":11},"end":{"line":40,"column":35}},"22":{"start":{"line":41,"column":0},"end":{"line":41,"column":49}},"23":{"start":{"line":42,"column":0},"end":{"line":42,"column":49}},"24":{"start":{"line":43,"column":0},"end":{"line":47,"column":3}},"25":{"start":{"line":44,"column":2},"end":{"line":46,"column":5}},"26":{"start":{"line":48,"column":0},"end":{"line":50,"column":3}},"27":{"start":{"line":49,"column":2},"end":{"line":49,"column":64}},"28":{"start":{"line":51,"column":15},"end":{"line":51,"column":18}},"29":{"start":{"line":52,"column":0},"end":{"line":52,"column":30}}},"fnMap":{"0":{"name":"(anonymous_0)","decl":{"start":{"line":28,"column":8},"end":{"line":28,"column":9}},"loc":{"start":{"line":28,"column":34},"end":{"line":38,"column":1}},"line":28},"1":{"name":"(anonymous_1)","decl":{"start":{"line":43,"column":13},"end":{"line":43,"column":14}},"loc":{"start":{"line":43,"column":33},"end":{"line":47,"column":1}},"line":43},"2":{"name":"(anonymous_2)","decl":{"start":{"line":48,"column":17},"end":{"line":48,"column":18}},"loc":{"start":{"line":48,"column":29},"end":{"line":50,"column":1}},"line":48}},"branchMap":{"0":{"loc":{"start":{"line":32,"column":2},"end":{"line":35,"column":3}},"type":"if","locations":[{"start":{"line":32,"column":2},"end":{"line":35,"column":3}},{"start":{"line":32,"column":2},"end":{"line":35,"column":3}}],"line":32},"1":{"loc":{"start":{"line":40,"column":11},"end":{"line":40,"column":35}},"type":"binary-expr","locations":[{"start":{"line":40,"column":11},"end":{"line":40,"column":27}},{"start":{"line":40,"column":31},"end":{"line":40,"column":35}}],"line":40}},"s":{"0":1,"1":1,"2":1,"3":1,"4":1,"5":1,"6":1,"7":1,"8":1,"9":1,"10":1,"11":1,"12":1,"13":1,"14":0,"15":0,"16":0,"17":0,"18":0,"19":0,"20":1,"21":1,"22":1,"23":1,"24":1,"25":0,"26":1,"27":0,"28":1,"29":1},"f":{"0":0,"1":0,"2":0},"b":{"0":[0,0],"1":[1,1]},"inputSourceMap":{"version":3,"sources":["index.js"],"names":["config","app","use","express","json","urlencoded","extended","req","res","next","header","method","status","port","process","env","PORT","BookRoutes","UserRoutes","get","send","message","listen","console","log"],"mappings":";;;;;;;;;AAAA;;AACA;;AACA;;AACA;;AACA;;AAEAA,mBAAOA,MAAP;;AAEA,IAAMC,GAAG,GAAG,0BAAZ;AAEAA,GAAG,CAACC,GAAJ,CAAQ,iBAAR,EAA2BC,8BAAe,gBAAf,CAA3B;AAEAF,GAAG,CAACC,GAAJ,CAAQC,oBAAQC,IAAR,EAAR;AACAH,GAAG,CAACC,GAAJ,CAAQC,oBAAQE,UAAR,CAAmB;AAAEC,EAAAA,QAAQ,EAAE;AAAZ,CAAnB,CAAR;AAEAL,GAAG,CAACC,GAAJ,CAAQ,UAACK,GAAD,EAAMC,GAAN,EAAUC,IAAV,EAAmB;AACvBD,EAAAA,GAAG,CAACE,MAAJ,CAAW,6BAAX,EAA0C,GAA1C;AACAF,EAAAA,GAAG,CAACE,MAAJ,CACI,8BADJ,EAEI,+DAFJ;;AAIA,MAAIH,GAAG,CAACI,MAAJ,KAAe,SAAnB,EAA8B;AAC1BH,IAAAA,GAAG,CAACE,MAAJ,CAAW,8BAAX,EAA2C,+BAA3C;AACA,WAAOF,GAAG,CAACI,MAAJ,CAAW,GAAX,EAAgBR,IAAhB,CAAqB,EAArB,CAAP;AACH;;AACDK,EAAAA,IAAI;AACP,CAXD;AAaAR,GAAG,CAACC,GAAJ,CAAQ,uBAAR;AAEA,IAAMW,IAAI,GAAGC,OAAO,CAACC,GAAR,CAAYC,IAAZ,IAAoB,IAAjC;AAEAf,GAAG,CAACC,GAAJ,CAAQ,eAAR,EAAyBe,sBAAzB;AACAhB,GAAG,CAACC,GAAJ,CAAQ,eAAR,EAAyBgB,sBAAzB;AAEAjB,GAAG,CAACkB,GAAJ,CAAQ,GAAR,EAAa,UAACZ,GAAD,EAAMC,GAAN,EAAc;AACvBA,EAAAA,GAAG,CAACI,MAAJ,CAAW,GAAX,EAAgBQ,IAAhB,CAAqB;AACjBC,IAAAA,OAAO,EAAE;AADQ,GAArB;AAGH,CAJD;AAMApB,GAAG,CAACqB,MAAJ,CAAWT,IAAX,EAAiB;AAAA,SAAMU,OAAO,CAACC,GAAR,qCAAyCX,IAAzC,EAAN;AAAA,CAAjB;eAEeZ,G","sourceRoot":"D:\\NodeWeb\\NodeReviewProjects\\BookApi\\api\\","sourcesContent":["import config from \"dotenv\";\r\nimport express from 'express';\r\nimport cors from 'cors';\r\nimport BookRoutes from './server/routes/BookRoutes';\r\nimport UserRoutes from \"./server/routes/UserRoutes\";\r\n\r\nconfig.config();\r\n\r\nconst app = express();\r\n\r\napp.use('/static/uploads', express.static('static/uploads'));\r\n\r\napp.use(express.json());\r\napp.use(express.urlencoded({ extended: false}));\r\n\r\napp.use((req, res,next) => {\r\n    res.header(\"Access-Control-Allow-Origin\", \"*\");\r\n    res.header(\r\n        \"Access-Control-Allow-Headers\",\r\n        \"Origin, X-Requested-With, Content-Type, Accept, Authorization\"\r\n    );\r\n    if (req.method === \"OPTIONS\") {\r\n        res.header(\"Access-Control-Allow-Methods\", \"PUT, POST, PATCH, DELETE, GET\");\r\n        return res.status(200).json({});\r\n    }\r\n    next();\r\n})\r\n\r\napp.use(cors())\r\n\r\nconst port = process.env.PORT || 8000;\r\n\r\napp.use(\"/api/v1/books\", BookRoutes);\r\napp.use(\"/api/v1/users\", UserRoutes);\r\n\r\napp.get(\"*\", (req, res) => {\r\n    res.status(200).send({\r\n        message: \"Welcome asshole in this api!\"\r\n    })\r\n});\r\n\r\napp.listen(port, () => console.log(`Server is running on PORT ${port}`));\r\n\r\nexport default app;"]},"_coverageSchema":"1a1c01bbd47fc00a2c39e90264f33305004495a9","hash":"bf4baac18cb96ded4076c3cffaa4a1491b3ea417","contentHash":"359b4442c7d8afd51e7ad002db97576c980e3a7aa656c2361db5db095498841b"},"D:\\NodeWeb\\NodeReviewProjects\\BookApi\\api\\server\\routes\\BookRoutes.js":{"path":"D:\\NodeWeb\\NodeReviewProjects\\BookApi\\api\\server\\routes\\BookRoutes.js","statementMap":{"0":{"start":{"line":3,"column":30},"end":{"line":3,"column":86}},"1":{"start":{"line":5,"column":0},"end":{"line":7,"column":3}},"2":{"start":{"line":8,"column":0},"end":{"line":8,"column":28}},"3":{"start":{"line":10,"column":15},"end":{"line":10,"column":33}},"4":{"start":{"line":12,"column":22},"end":{"line":12,"column":87}},"5":{"start":{"line":14,"column":18},"end":{"line":18,"column":1}},"6":{"start":{"line":15,"column":2},"end":{"line":17,"column":4}},"7":{"start":{"line":16,"column":4},"end":{"line":16,"column":45}},"8":{"start":{"line":20,"column":13},"end":{"line":20,"column":35}},"9":{"start":{"line":21,"column":0},"end":{"line":21,"column":50}},"10":{"start":{"line":22,"column":0},"end":{"line":22,"column":122}},"11":{"start":{"line":23,"column":0},"end":{"line":23,"column":52}},"12":{"start":{"line":24,"column":0},"end":{"line":24,"column":54}},"13":{"start":{"line":25,"column":0},"end":{"line":25,"column":61}},"14":{"start":{"line":26,"column":15},"end":{"line":26,"column":21}},"15":{"start":{"line":27,"column":0},"end":{"line":27,"column":30}}},"fnMap":{"0":{"name":"catchErrors","decl":{"start":{"line":14,"column":27},"end":{"line":14,"column":38}},"loc":{"start":{"line":14,"column":43},"end":{"line":18,"column":1}},"line":14},"1":{"name":"(anonymous_1)","decl":{"start":{"line":15,"column":9},"end":{"line":15,"column":10}},"loc":{"start":{"line":15,"column":35},"end":{"line":17,"column":3}},"line":15}},"branchMap":{},"s":{"0":1,"1":1,"2":1,"3":1,"4":1,"5":1,"6":1,"7":0,"8":1,"9":1,"10":1,"11":1,"12":1,"13":1,"14":1,"15":1},"f":{"0":1,"1":0},"b":{},"inputSourceMap":{"version":3,"sources":["BookRoutes.js"],"names":["catchErrors","fn","req","res","next","router","get","BookController","index","post","uploadImage","resizeImage","store","show","put","update","destroy"],"mappings":";;;;;;;;;AAAA;;AACA;;AAEA,IAAMA,WAAW,GAAG,SAAdA,WAAc,CAAAC,EAAE,EAAI;AACtB,SAAO,UAASC,GAAT,EAAcC,GAAd,EAAmBC,IAAnB,EAAyB;AAC5B,WAAOH,EAAE,CAACC,GAAD,EAAMC,GAAN,EAAWC,IAAX,CAAF,UAAyBA,IAAzB,CAAP;AACH,GAFD;AAGH,CAJD;;AAMA,IAAMC,MAAM,GAAG,sBAAf;AAEAA,MAAM,CAACC,GAAP,CAAW,GAAX,EAAgBC,2BAAeC,KAA/B;AACAH,MAAM,CAACI,IAAP,CAAY,GAAZ,EAAiBC,2BAAjB,EAA8BV,WAAW,CAACW,2BAAD,CAAzC,EAAwDJ,2BAAeK,KAAvE;AACAP,MAAM,CAACC,GAAP,CAAW,MAAX,EAAmBC,2BAAeM,IAAlC;AACAR,MAAM,CAACS,GAAP,CAAW,MAAX,EAAmBP,2BAAeQ,MAAlC;AACAV,MAAM,UAAN,CAAc,MAAd,EAAsBE,2BAAeS,OAArC;eAEeX,M","sourceRoot":"D:\\NodeWeb\\NodeReviewProjects\\BookApi\\api\\server\\routes\\","sourcesContent":["import {Router} from \"express\";\r\nimport BookController, {resizeImage, uploadImage} from \"../controllers/BookController\";\r\n\r\nconst catchErrors = fn => {\r\n    return function(req, res, next) {\r\n        return fn(req, res, next).catch(next);\r\n    };\r\n};\r\n\r\nconst router = Router();\r\n\r\nrouter.get(\"/\", BookController.index);\r\nrouter.post(\"/\", uploadImage, catchErrors(resizeImage), BookController.store);\r\nrouter.get(\"/:id\", BookController.show);\r\nrouter.put(\"/:id\", BookController.update);\r\nrouter.delete(\"/:id\", BookController.destroy);\r\n\r\nexport default router;"]},"_coverageSchema":"1a1c01bbd47fc00a2c39e90264f33305004495a9","hash":"dba8bd4ad249edbd8726f9e9590cff8696c060c4","contentHash":"8768872bc6301db2aa9732ede3a84185a8ec5ba15c30634517f0ff89d8bfe4b6"},"D:\\NodeWeb\\NodeReviewProjects\\BookApi\\api\\server\\controllers\\BookController.js":{"path":"D:\\NodeWeb\\NodeReviewProjects\\BookApi\\api\\server\\controllers\\BookController.js","statementMap":{"0":{"start":{"line":3,"column":29},"end":{"line":3,"column":84}},"1":{"start":{"line":5,"column":0},"end":{"line":7,"column":3}},"2":{"start":{"line":8,"column":0},"end":{"line":8,"column":28}},"3":{"start":{"line":10,"column":23},"end":{"line":10,"column":95}},"4":{"start":{"line":12,"column":20},"end":{"line":12,"column":89}},"5":{"start":{"line":14,"column":19},"end":{"line":14,"column":80}},"6":{"start":{"line":16,"column":25},"end":{"line":16,"column":99}},"7":{"start":{"line":18,"column":19},"end":{"line":18,"column":77}},"8":{"start":{"line":20,"column":13},"end":{"line":20,"column":62}},"9":{"start":{"line":22,"column":12},"end":{"line":22,"column":51}},"10":{"start":{"line":24,"column":14},"end":{"line":24,"column":55}},"11":{"start":{"line":26,"column":11},"end":{"line":26,"column":34}},"12":{"start":{"line":27,"column":25},"end":{"line":40,"column":1}},"13":{"start":{"line":34,"column":4},"end":{"line":38,"column":5}},"14":{"start":{"line":35,"column":6},"end":{"line":35,"column":23}},"15":{"start":{"line":37,"column":6},"end":{"line":37,"column":24}},"16":{"start":{"line":41,"column":0},"end":{"line":41,"column":83}},"17":{"start":{"line":43,"column":0},"end":{"line":86,"column":4}},"18":{"start":{"line":44,"column":13},"end":{"line":81,"column":5}},"19":{"start":{"line":46,"column":4},"end":{"line":80,"column":16}},"20":{"start":{"line":47,"column":6},"end":{"line":79,"column":7}},"21":{"start":{"line":48,"column":8},"end":{"line":78,"column":9}},"22":{"start":{"line":50,"column":12},"end":{"line":53,"column":13}},"23":{"start":{"line":51,"column":14},"end":{"line":51,"column":32}},"24":{"start":{"line":52,"column":14},"end":{"line":52,"column":20}},"25":{"start":{"line":55,"column":12},"end":{"line":55,"column":53}},"26":{"start":{"line":58,"column":12},"end":{"line":58,"column":56}},"27":{"start":{"line":59,"column":12},"end":{"line":59,"column":91}},"28":{"start":{"line":60,"column":12},"end":{"line":60,"column":30}},"29":{"start":{"line":61,"column":12},"end":{"line":61,"column":58}},"30":{"start":{"line":64,"column":12},"end":{"line":64,"column":35}},"31":{"start":{"line":65,"column":12},"end":{"line":65,"column":30}},"32":{"start":{"line":66,"column":12},"end":{"line":66,"column":61}},"33":{"start":{"line":69,"column":12},"end":{"line":69,"column":31}},"34":{"start":{"line":70,"column":12},"end":{"line":70,"column":62}},"35":{"start":{"line":73,"column":12},"end":{"line":73,"column":19}},"36":{"start":{"line":77,"column":12},"end":{"line":77,"column":35}},"37":{"start":{"line":83,"column":2},"end":{"line":85,"column":4}},"38":{"start":{"line":84,"column":4},"end":{"line":84,"column":39}},"39":{"start":{"line":88,"column":34},"end":{"line":355,"column":3}},"40":{"start":{"line":90,"column":4},"end":{"line":90,"column":59}},"41":{"start":{"line":93,"column":2},"end":{"line":353,"column":6}},"42":{"start":{"line":96,"column":19},"end":{"line":129,"column":9}},"43":{"start":{"line":98,"column":8},"end":{"line":128,"column":37}},"44":{"start":{"line":99,"column":10},"end":{"line":127,"column":11}},"45":{"start":{"line":100,"column":12},"end":{"line":126,"column":13}},"46":{"start":{"line":102,"column":16},"end":{"line":102,"column":35}},"47":{"start":{"line":103,"column":16},"end":{"line":103,"column":35}},"48":{"start":{"line":104,"column":16},"end":{"line":104,"column":55}},"49":{"start":{"line":107,"column":16},"end":{"line":107,"column":39}},"50":{"start":{"line":109,"column":16},"end":{"line":113,"column":17}},"51":{"start":{"line":110,"column":18},"end":{"line":110,"column":76}},"52":{"start":{"line":112,"column":18},"end":{"line":112,"column":72}},"53":{"start":{"line":115,"column":16},"end":{"line":115,"column":66}},"54":{"start":{"line":118,"column":16},"end":{"line":118,"column":35}},"55":{"start":{"line":119,"column":16},"end":{"line":119,"column":53}},"56":{"start":{"line":120,"column":16},"end":{"line":120,"column":49}},"57":{"start":{"line":121,"column":16},"end":{"line":121,"column":66}},"58":{"start":{"line":125,"column":16},"end":{"line":125,"column":40}},"59":{"start":{"line":132,"column":8},"end":{"line":132,"column":45}},"60":{"start":{"line":135,"column":6},"end":{"line":135,"column":19}},"61":{"start":{"line":140,"column":19},"end":{"line":179,"column":9}},"62":{"start":{"line":142,"column":8},"end":{"line":178,"column":38}},"63":{"start":{"line":143,"column":10},"end":{"line":177,"column":11}},"64":{"start":{"line":144,"column":12},"end":{"line":176,"column":13}},"65":{"start":{"line":146,"column":16},"end":{"line":146,"column":33}},"66":{"start":{"line":148,"column":16},"end":{"line":151,"column":17}},"67":{"start":{"line":149,"column":18},"end":{"line":149,"column":37}},"68":{"start":{"line":150,"column":18},"end":{"line":150,"column":24}},"69":{"start":{"line":153,"column":16},"end":{"line":153,"column":110}},"70":{"start":{"line":154,"column":16},"end":{"line":154,"column":66}},"71":{"start":{"line":157,"column":16},"end":{"line":157,"column":32}},"72":{"start":{"line":158,"column":16},"end":{"line":158,"column":35}},"73":{"start":{"line":159,"column":16},"end":{"line":159,"column":35}},"74":{"start":{"line":160,"column":16},"end":{"line":160,"column":59}},"75":{"start":{"line":163,"column":16},"end":{"line":163,"column":44}},"76":{"start":{"line":164,"column":16},"end":{"line":164,"column":93}},"77":{"start":{"line":165,"column":16},"end":{"line":165,"column":66}},"78":{"start":{"line":168,"column":16},"end":{"line":168,"column":36}},"79":{"start":{"line":169,"column":16},"end":{"line":169,"column":53}},"80":{"start":{"line":170,"column":16},"end":{"line":170,"column":57}},"81":{"start":{"line":171,"column":16},"end":{"line":171,"column":66}},"82":{"start":{"line":175,"column":16},"end":{"line":175,"column":40}},"83":{"start":{"line":182,"column":8},"end":{"line":182,"column":45}},"84":{"start":{"line":185,"column":6},"end":{"line":185,"column":19}},"85":{"start":{"line":190,"column":20},"end":{"line":235,"column":9}},"86":{"start":{"line":192,"column":8},"end":{"line":234,"column":38}},"87":{"start":{"line":193,"column":10},"end":{"line":233,"column":11}},"88":{"start":{"line":194,"column":12},"end":{"line":232,"column":13}},"89":{"start":{"line":196,"column":16},"end":{"line":196,"column":34}},"90":{"start":{"line":197,"column":16},"end":{"line":197,"column":35}},"91":{"start":{"line":199,"column":16},"end":{"line":202,"column":17}},"92":{"start":{"line":200,"column":18},"end":{"line":200,"column":37}},"93":{"start":{"line":201,"column":18},"end":{"line":201,"column":24}},"94":{"start":{"line":204,"column":16},"end":{"line":204,"column":67}},"95":{"start":{"line":205,"column":16},"end":{"line":205,"column":66}},"96":{"start":{"line":208,"column":16},"end":{"line":208,"column":35}},"97":{"start":{"line":209,"column":16},"end":{"line":209,"column":35}},"98":{"start":{"line":210,"column":16},"end":{"line":210,"column":66}},"99":{"start":{"line":213,"column":16},"end":{"line":213,"column":40}},"100":{"start":{"line":215,"column":16},"end":{"line":219,"column":17}},"101":{"start":{"line":216,"column":18},"end":{"line":216,"column":87}},"102":{"start":{"line":218,"column":18},"end":{"line":218,"column":80}},"103":{"start":{"line":221,"column":16},"end":{"line":221,"column":66}},"104":{"start":{"line":224,"column":16},"end":{"line":224,"column":36}},"105":{"start":{"line":225,"column":16},"end":{"line":225,"column":53}},"106":{"start":{"line":226,"column":16},"end":{"line":226,"column":49}},"107":{"start":{"line":227,"column":16},"end":{"line":227,"column":66}},"108":{"start":{"line":231,"column":16},"end":{"line":231,"column":40}},"109":{"start":{"line":238,"column":8},"end":{"line":238,"column":46}},"110":{"start":{"line":241,"column":6},"end":{"line":241,"column":20}},"111":{"start":{"line":246,"column":18},"end":{"line":290,"column":9}},"112":{"start":{"line":248,"column":8},"end":{"line":289,"column":38}},"113":{"start":{"line":249,"column":10},"end":{"line":288,"column":11}},"114":{"start":{"line":250,"column":12},"end":{"line":287,"column":13}},"115":{"start":{"line":252,"column":16},"end":{"line":252,"column":35}},"116":{"start":{"line":254,"column":16},"end":{"line":257,"column":17}},"117":{"start":{"line":255,"column":18},"end":{"line":255,"column":37}},"118":{"start":{"line":256,"column":18},"end":{"line":256,"column":24}},"119":{"start":{"line":259,"column":16},"end":{"line":259,"column":67}},"120":{"start":{"line":260,"column":16},"end":{"line":260,"column":66}},"121":{"start":{"line":263,"column":16},"end":{"line":263,"column":35}},"122":{"start":{"line":264,"column":16},"end":{"line":264,"column":35}},"123":{"start":{"line":265,"column":16},"end":{"line":265,"column":56}},"124":{"start":{"line":268,"column":16},"end":{"line":268,"column":40}},"125":{"start":{"line":270,"column":16},"end":{"line":274,"column":17}},"126":{"start":{"line":271,"column":18},"end":{"line":271,"column":81}},"127":{"start":{"line":273,"column":18},"end":{"line":273,"column":60}},"128":{"start":{"line":276,"column":16},"end":{"line":276,"column":66}},"129":{"start":{"line":279,"column":16},"end":{"line":279,"column":36}},"130":{"start":{"line":280,"column":16},"end":{"line":280,"column":53}},"131":{"start":{"line":281,"column":16},"end":{"line":281,"column":49}},"132":{"start":{"line":282,"column":16},"end":{"line":282,"column":66}},"133":{"start":{"line":286,"column":16},"end":{"line":286,"column":40}},"134":{"start":{"line":293,"column":8},"end":{"line":293,"column":44}},"135":{"start":{"line":296,"column":6},"end":{"line":296,"column":18}},"136":{"start":{"line":301,"column":21},"end":{"line":345,"column":9}},"137":{"start":{"line":303,"column":8},"end":{"line":344,"column":38}},"138":{"start":{"line":304,"column":10},"end":{"line":343,"column":11}},"139":{"start":{"line":305,"column":12},"end":{"line":342,"column":13}},"140":{"start":{"line":307,"column":16},"end":{"line":307,"column":35}},"141":{"start":{"line":309,"column":16},"end":{"line":312,"column":17}},"142":{"start":{"line":310,"column":18},"end":{"line":310,"column":37}},"143":{"start":{"line":311,"column":18},"end":{"line":311,"column":24}},"144":{"start":{"line":314,"column":16},"end":{"line":314,"column":67}},"145":{"start":{"line":315,"column":16},"end":{"line":315,"column":66}},"146":{"start":{"line":318,"column":16},"end":{"line":318,"column":35}},"147":{"start":{"line":319,"column":16},"end":{"line":319,"column":35}},"148":{"start":{"line":320,"column":16},"end":{"line":320,"column":59}},"149":{"start":{"line":323,"column":16},"end":{"line":323,"column":40}},"150":{"start":{"line":325,"column":16},"end":{"line":329,"column":17}},"151":{"start":{"line":326,"column":18},"end":{"line":326,"column":65}},"152":{"start":{"line":328,"column":18},"end":{"line":328,"column":89}},"153":{"start":{"line":331,"column":16},"end":{"line":331,"column":66}},"154":{"start":{"line":334,"column":16},"end":{"line":334,"column":36}},"155":{"start":{"line":335,"column":16},"end":{"line":335,"column":53}},"156":{"start":{"line":336,"column":16},"end":{"line":336,"column":49}},"157":{"start":{"line":337,"column":16},"end":{"line":337,"column":66}},"158":{"start":{"line":341,"column":16},"end":{"line":341,"column":40}},"159":{"start":{"line":348,"column":8},"end":{"line":348,"column":47}},"160":{"start":{"line":351,"column":6},"end":{"line":351,"column":21}},"161":{"start":{"line":354,"column":2},"end":{"line":354,"column":24}},"162":{"start":{"line":357,"column":15},"end":{"line":357,"column":29}},"163":{"start":{"line":358,"column":0},"end":{"line":358,"column":30}}},"fnMap":{"0":{"name":"fileFilter","decl":{"start":{"line":33,"column":23},"end":{"line":33,"column":33}},"loc":{"start":{"line":33,"column":51},"end":{"line":39,"column":3}},"line":33},"1":{"name":"(anonymous_1)","decl":{"start":{"line":43,"column":35},"end":{"line":43,"column":36}},"loc":{"start":{"line":43,"column":47},"end":{"line":86,"column":1}},"line":43},"2":{"name":"_callee","decl":{"start":{"line":44,"column":100},"end":{"line":44,"column":107}},"loc":{"start":{"line":44,"column":124},"end":{"line":81,"column":3}},"line":44},"3":{"name":"_callee$","decl":{"start":{"line":46,"column":49},"end":{"line":46,"column":57}},"loc":{"start":{"line":46,"column":68},"end":{"line":80,"column":5}},"line":46},"4":{"name":"(anonymous_4)","decl":{"start":{"line":83,"column":9},"end":{"line":83,"column":10}},"loc":{"start":{"line":83,"column":33},"end":{"line":85,"column":3}},"line":83},"5":{"name":"(anonymous_5)","decl":{"start":{"line":88,"column":34},"end":{"line":88,"column":35}},"loc":{"start":{"line":88,"column":46},"end":{"line":355,"column":1}},"line":88},"6":{"name":"BookController","decl":{"start":{"line":89,"column":11},"end":{"line":89,"column":25}},"loc":{"start":{"line":89,"column":28},"end":{"line":91,"column":3}},"line":89},"7":{"name":"(anonymous_7)","decl":{"start":{"line":95,"column":11},"end":{"line":95,"column":12}},"loc":{"start":{"line":95,"column":23},"end":{"line":136,"column":5}},"line":95},"8":{"name":"_callee2","decl":{"start":{"line":96,"column":106},"end":{"line":96,"column":114}},"loc":{"start":{"line":96,"column":125},"end":{"line":129,"column":7}},"line":96},"9":{"name":"_callee2$","decl":{"start":{"line":98,"column":53},"end":{"line":98,"column":62}},"loc":{"start":{"line":98,"column":74},"end":{"line":128,"column":9}},"line":98},"10":{"name":"index","decl":{"start":{"line":131,"column":15},"end":{"line":131,"column":20}},"loc":{"start":{"line":131,"column":31},"end":{"line":133,"column":7}},"line":131},"11":{"name":"(anonymous_11)","decl":{"start":{"line":139,"column":11},"end":{"line":139,"column":12}},"loc":{"start":{"line":139,"column":23},"end":{"line":186,"column":5}},"line":139},"12":{"name":"_callee3","decl":{"start":{"line":140,"column":106},"end":{"line":140,"column":114}},"loc":{"start":{"line":140,"column":125},"end":{"line":179,"column":7}},"line":140},"13":{"name":"_callee3$","decl":{"start":{"line":142,"column":53},"end":{"line":142,"column":62}},"loc":{"start":{"line":142,"column":74},"end":{"line":178,"column":9}},"line":142},"14":{"name":"store","decl":{"start":{"line":181,"column":15},"end":{"line":181,"column":20}},"loc":{"start":{"line":181,"column":31},"end":{"line":183,"column":7}},"line":181},"15":{"name":"(anonymous_15)","decl":{"start":{"line":189,"column":11},"end":{"line":189,"column":12}},"loc":{"start":{"line":189,"column":23},"end":{"line":242,"column":5}},"line":189},"16":{"name":"_callee4","decl":{"start":{"line":190,"column":107},"end":{"line":190,"column":115}},"loc":{"start":{"line":190,"column":126},"end":{"line":235,"column":7}},"line":190},"17":{"name":"_callee4$","decl":{"start":{"line":192,"column":53},"end":{"line":192,"column":62}},"loc":{"start":{"line":192,"column":74},"end":{"line":234,"column":9}},"line":192},"18":{"name":"update","decl":{"start":{"line":237,"column":15},"end":{"line":237,"column":21}},"loc":{"start":{"line":237,"column":32},"end":{"line":239,"column":7}},"line":237},"19":{"name":"(anonymous_19)","decl":{"start":{"line":245,"column":11},"end":{"line":245,"column":12}},"loc":{"start":{"line":245,"column":23},"end":{"line":297,"column":5}},"line":245},"20":{"name":"_callee5","decl":{"start":{"line":246,"column":105},"end":{"line":246,"column":113}},"loc":{"start":{"line":246,"column":124},"end":{"line":290,"column":7}},"line":246},"21":{"name":"_callee5$","decl":{"start":{"line":248,"column":53},"end":{"line":248,"column":62}},"loc":{"start":{"line":248,"column":74},"end":{"line":289,"column":9}},"line":248},"22":{"name":"show","decl":{"start":{"line":292,"column":15},"end":{"line":292,"column":19}},"loc":{"start":{"line":292,"column":32},"end":{"line":294,"column":7}},"line":292},"23":{"name":"(anonymous_23)","decl":{"start":{"line":300,"column":11},"end":{"line":300,"column":12}},"loc":{"start":{"line":300,"column":23},"end":{"line":352,"column":5}},"line":300},"24":{"name":"_callee6","decl":{"start":{"line":301,"column":108},"end":{"line":301,"column":116}},"loc":{"start":{"line":301,"column":127},"end":{"line":345,"column":7}},"line":301},"25":{"name":"_callee6$","decl":{"start":{"line":303,"column":53},"end":{"line":303,"column":62}},"loc":{"start":{"line":303,"column":74},"end":{"line":344,"column":9}},"line":303},"26":{"name":"destroy","decl":{"start":{"line":347,"column":15},"end":{"line":347,"column":22}},"loc":{"start":{"line":347,"column":35},"end":{"line":349,"column":7}},"line":347}},"branchMap":{"0":{"loc":{"start":{"line":34,"column":4},"end":{"line":38,"column":5}},"type":"if","locations":[{"start":{"line":34,"column":4},"end":{"line":38,"column":5}},{"start":{"line":34,"column":4},"end":{"line":38,"column":5}}],"line":34},"1":{"loc":{"start":{"line":48,"column":8},"end":{"line":78,"column":9}},"type":"switch","locations":[{"start":{"line":49,"column":10},"end":{"line":55,"column":53}},{"start":{"line":57,"column":10},"end":{"line":61,"column":58}},{"start":{"line":63,"column":10},"end":{"line":66,"column":61}},{"start":{"line":68,"column":10},"end":{"line":70,"column":62}},{"start":{"line":72,"column":10},"end":{"line":73,"column":19}},{"start":{"line":75,"column":10},"end":{"line":75,"column":18}},{"start":{"line":76,"column":10},"end":{"line":77,"column":35}}],"line":48},"2":{"loc":{"start":{"line":50,"column":12},"end":{"line":53,"column":13}},"type":"if","locations":[{"start":{"line":50,"column":12},"end":{"line":53,"column":13}},{"start":{"line":50,"column":12},"end":{"line":53,"column":13}}],"line":50},"3":{"loc":{"start":{"line":100,"column":12},"end":{"line":126,"column":13}},"type":"switch","locations":[{"start":{"line":101,"column":14},"end":{"line":104,"column":55}},{"start":{"line":106,"column":14},"end":{"line":115,"column":66}},{"start":{"line":117,"column":14},"end":{"line":121,"column":66}},{"start":{"line":123,"column":14},"end":{"line":123,"column":22}},{"start":{"line":124,"column":14},"end":{"line":125,"column":40}}],"line":100},"4":{"loc":{"start":{"line":109,"column":16},"end":{"line":113,"column":17}},"type":"if","locations":[{"start":{"line":109,"column":16},"end":{"line":113,"column":17}},{"start":{"line":109,"column":16},"end":{"line":113,"column":17}}],"line":109},"5":{"loc":{"start":{"line":144,"column":12},"end":{"line":176,"column":13}},"type":"switch","locations":[{"start":{"line":145,"column":14},"end":{"line":154,"column":66}},{"start":{"line":156,"column":14},"end":{"line":160,"column":59}},{"start":{"line":162,"column":14},"end":{"line":165,"column":66}},{"start":{"line":167,"column":14},"end":{"line":171,"column":66}},{"start":{"line":173,"column":14},"end":{"line":173,"column":22}},{"start":{"line":174,"column":14},"end":{"line":175,"column":40}}],"line":144},"6":{"loc":{"start":{"line":148,"column":16},"end":{"line":151,"column":17}},"type":"if","locations":[{"start":{"line":148,"column":16},"end":{"line":151,"column":17}},{"start":{"line":148,"column":16},"end":{"line":151,"column":17}}],"line":148},"7":{"loc":{"start":{"line":148,"column":22},"end":{"line":148,"column":81}},"type":"binary-expr","locations":[{"start":{"line":148,"column":22},"end":{"line":148,"column":37}},{"start":{"line":148,"column":41},"end":{"line":148,"column":56}},{"start":{"line":148,"column":60},"end":{"line":148,"column":81}}],"line":148},"8":{"loc":{"start":{"line":194,"column":12},"end":{"line":232,"column":13}},"type":"switch","locations":[{"start":{"line":195,"column":14},"end":{"line":205,"column":66}},{"start":{"line":207,"column":14},"end":{"line":210,"column":66}},{"start":{"line":212,"column":14},"end":{"line":221,"column":66}},{"start":{"line":223,"column":14},"end":{"line":227,"column":66}},{"start":{"line":229,"column":14},"end":{"line":229,"column":22}},{"start":{"line":230,"column":14},"end":{"line":231,"column":40}}],"line":194},"9":{"loc":{"start":{"line":199,"column":16},"end":{"line":202,"column":17}},"type":"if","locations":[{"start":{"line":199,"column":16},"end":{"line":202,"column":17}},{"start":{"line":199,"column":16},"end":{"line":202,"column":17}}],"line":199},"10":{"loc":{"start":{"line":215,"column":16},"end":{"line":219,"column":17}},"type":"if","locations":[{"start":{"line":215,"column":16},"end":{"line":219,"column":17}},{"start":{"line":215,"column":16},"end":{"line":219,"column":17}}],"line":215},"11":{"loc":{"start":{"line":250,"column":12},"end":{"line":287,"column":13}},"type":"switch","locations":[{"start":{"line":251,"column":14},"end":{"line":260,"column":66}},{"start":{"line":262,"column":14},"end":{"line":265,"column":56}},{"start":{"line":267,"column":14},"end":{"line":276,"column":66}},{"start":{"line":278,"column":14},"end":{"line":282,"column":66}},{"start":{"line":284,"column":14},"end":{"line":284,"column":22}},{"start":{"line":285,"column":14},"end":{"line":286,"column":40}}],"line":250},"12":{"loc":{"start":{"line":254,"column":16},"end":{"line":257,"column":17}},"type":"if","locations":[{"start":{"line":254,"column":16},"end":{"line":257,"column":17}},{"start":{"line":254,"column":16},"end":{"line":257,"column":17}}],"line":254},"13":{"loc":{"start":{"line":270,"column":16},"end":{"line":274,"column":17}},"type":"if","locations":[{"start":{"line":270,"column":16},"end":{"line":274,"column":17}},{"start":{"line":270,"column":16},"end":{"line":274,"column":17}}],"line":270},"14":{"loc":{"start":{"line":305,"column":12},"end":{"line":342,"column":13}},"type":"switch","locations":[{"start":{"line":306,"column":14},"end":{"line":315,"column":66}},{"start":{"line":317,"column":14},"end":{"line":320,"column":59}},{"start":{"line":322,"column":14},"end":{"line":331,"column":66}},{"start":{"line":333,"column":14},"end":{"line":337,"column":66}},{"start":{"line":339,"column":14},"end":{"line":339,"column":22}},{"start":{"line":340,"column":14},"end":{"line":341,"column":40}}],"line":305},"15":{"loc":{"start":{"line":309,"column":16},"end":{"line":312,"column":17}},"type":"if","locations":[{"start":{"line":309,"column":16},"end":{"line":312,"column":17}},{"start":{"line":309,"column":16},"end":{"line":312,"column":17}}],"line":309},"16":{"loc":{"start":{"line":325,"column":16},"end":{"line":329,"column":17}},"type":"if","locations":[{"start":{"line":325,"column":16},"end":{"line":329,"column":17}},{"start":{"line":325,"column":16},"end":{"line":329,"column":17}}],"line":325}},"s":{"0":1,"1":1,"2":1,"3":1,"4":1,"5":1,"6":1,"7":1,"8":1,"9":1,"10":1,"11":1,"12":1,"13":0,"14":0,"15":0,"16":1,"17":1,"18":1,"19":0,"20":0,"21":0,"22":0,"23":0,"24":0,"25":0,"26":0,"27":0,"28":0,"29":0,"30":0,"31":0,"32":0,"33":0,"34":0,"35":0,"36":0,"37":1,"38":0,"39":1,"40":0,"41":1,"42":1,"43":0,"44":0,"45":0,"46":0,"47":0,"48":0,"49":0,"50":0,"51":0,"52":0,"53":0,"54":0,"55":0,"56":0,"57":0,"58":0,"59":0,"60":1,"61":1,"62":0,"63":0,"64":0,"65":0,"66":0,"67":0,"68":0,"69":0,"70":0,"71":0,"72":0,"73":0,"74":0,"75":0,"76":0,"77":0,"78":0,"79":0,"80":0,"81":0,"82":0,"83":0,"84":1,"85":1,"86":0,"87":0,"88":0,"89":0,"90":0,"91":0,"92":0,"93":0,"94":0,"95":0,"96":0,"97":0,"98":0,"99":0,"100":0,"101":0,"102":0,"103":0,"104":0,"105":0,"106":0,"107":0,"108":0,"109":0,"110":1,"111":1,"112":0,"113":0,"114":0,"115":0,"116":0,"117":0,"118":0,"119":0,"120":0,"121":0,"122":0,"123":0,"124":0,"125":0,"126":0,"127":0,"128":0,"129":0,"130":0,"131":0,"132":0,"133":0,"134":0,"135":1,"136":1,"137":0,"138":0,"139":0,"140":0,"141":0,"142":0,"143":0,"144":0,"145":0,"146":0,"147":0,"148":0,"149":0,"150":0,"151":0,"152":0,"153":0,"154":0,"155":0,"156":0,"157":0,"158":0,"159":0,"160":1,"161":1,"162":1,"163":1},"f":{"0":0,"1":1,"2":0,"3":0,"4":0,"5":1,"6":0,"7":1,"8":0,"9":0,"10":0,"11":1,"12":0,"13":0,"14":0,"15":1,"16":0,"17":0,"18":0,"19":1,"20":0,"21":0,"22":0,"23":1,"24":0,"25":0,"26":0},"b":{"0":[0,0],"1":[0,0,0,0,0,0,0],"2":[0,0],"3":[0,0,0,0,0],"4":[0,0],"5":[0,0,0,0,0,0],"6":[0,0],"7":[0,0,0],"8":[0,0,0,0,0,0],"9":[0,0],"10":[0,0],"11":[0,0,0,0,0,0],"12":[0,0],"13":[0,0],"14":[0,0,0,0,0,0],"15":[0,0],"16":[0,0]},"inputSourceMap":{"version":3,"sources":["BookController.js"],"names":["util","Util","imageUploadOptions","storage","multer","memoryStorage","limits","fileSize","fileFilter","req","file","next","mimetype","startsWith","exports","uploadImage","single","resizeImage","res","extension","split","body","avatar","Date","now","jimp","read","buffer","resize","AUTO","write","BookController","BookService","index","books","length","setSuccess","send","setError","console","log","title","price","description","book","store","createBook","message","modify","id","params","Number","update","result","show","destroy"],"mappings":";;;;;;;;;;;;;;;;;AAAA;;AACA;;AACA;;AACA;;AAEA,IAAMA,IAAI,GAAG,IAAIC,iBAAJ,EAAb;AACA,IAAMC,kBAAkB,GAAG;AACvBC,EAAAA,OAAO,EAAEC,mBAAOC,aAAP,EADc;AAEvBC,EAAAA,MAAM,EAAE;AACJ;AACAC,IAAAA,QAAQ,EAAE,OAAO,IAAP,GAAc;AAFpB,GAFe;AAMvBC,EAAAA,UAAU,EAAE,oBAACC,GAAD,EAAMC,IAAN,EAAYC,IAAZ,EAAqB;AAC7B,QAAID,IAAI,CAACE,QAAL,CAAcC,UAAd,CAAyB,QAAzB,CAAJ,EAAwC;AACpCF,MAAAA,IAAI,CAAC,IAAD,EAAO,IAAP,CAAJ;AACH,KAFD,MAEO;AACHA,MAAAA,IAAI,CAAC,IAAD,EAAO,KAAP,CAAJ;AACH;AACJ;AAZsB,CAA3B;AAeAG,OAAO,CAACC,WAAR,GAAsB,wBAAOb,kBAAP,EAA2Bc,MAA3B,CAAkC,QAAlC,CAAtB;;AAEAF,OAAO,CAACG,WAAR;AAAA,2FAAsB,iBAAOR,GAAP,EAAYS,GAAZ,EAAiBP,IAAjB;AAAA;AAAA;AAAA;AAAA;AAAA;AAAA,gBACbF,GAAG,CAACC,IADS;AAAA;AAAA;AAAA;;AAAA,6CAEPC,IAAI,EAFG;;AAAA;AAIZQ,YAAAA,SAJY,GAIAV,GAAG,CAACC,IAAJ,CAASE,QAAT,CAAkBQ,KAAlB,CAAwB,GAAxB,EAA6B,CAA7B,CAJA;AAKlBX,YAAAA,GAAG,CAACY,IAAJ,CAASC,MAAT,6BAAqCC,IAAI,CAACC,GAAL,EAArC,cAAmDL,SAAnD;AALkB;AAAA,mBAMGM,iBAAKC,IAAL,CAAUjB,GAAG,CAACC,IAAJ,CAASiB,MAAnB,CANH;;AAAA;AAMZL,YAAAA,MANY;AAAA;AAAA,mBAOZA,MAAM,CAACM,MAAP,CAAc,GAAd,EAAmBH,iBAAKI,IAAxB,CAPY;;AAAA;AAAA;AAAA,mBAQZP,MAAM,CAACQ,KAAP,aAAkBrB,GAAG,CAACY,IAAJ,CAASC,MAA3B,EARY;;AAAA;AASlBX,YAAAA,IAAI;;AATc;AAAA;AAAA;AAAA;AAAA;AAAA;AAAA,GAAtB;;AAAA;AAAA;AAAA;AAAA;;IAYMoB,c;;;;;;;;mHACiBtB,G,EAAKS,G;;;;;;;;uBAEIc,wBAAYC,KAAZ,E;;;AAAdC,gBAAAA,K;;AACN,oBAAIA,KAAK,CAACC,MAAN,GAAe,CAAnB,EAAsB;AAClBnC,kBAAAA,IAAI,CAACoC,UAAL,CAAgB,GAAhB,EAAqB,4BAArB,EAAmDF,KAAnD;AACH,iBAFD,MAEO;AACHlC,kBAAAA,IAAI,CAACoC,UAAL,CAAgB,GAAhB,EAAqB,2BAArB,EAAkD,EAAlD;AACH;;kDACMpC,IAAI,CAACqC,IAAL,CAAUnB,GAAV,C;;;;;AAEPlB,gBAAAA,IAAI,CAACsC,QAAL,CAAc,GAAd;kDACOtC,IAAI,CAACqC,IAAL,CAAUnB,GAAV,C;;;;;;;;;;;;;;;;;;;mHAIIT,G,EAAKS,G;;;;;;AACpBqB,gBAAAA,OAAO,CAACC,GAAR,CAAY/B,GAAZ;;sBACI,CAACA,GAAG,CAACY,IAAJ,CAASoB,KAAV,IAAkB,CAAChC,GAAG,CAACY,IAAJ,CAASqB,KAA5B,IAAoC,CAACjC,GAAG,CAACY,IAAJ,CAASsB,W;;;;;AAC9C3C,gBAAAA,IAAI,CAACsC,QAAL,CAAc,GAAd,EAAmB,yEAAnB;kDACOtC,IAAI,CAACqC,IAAL,CAAUnB,GAAV,C;;;AAEL0B,gBAAAA,I,GAAOnC,GAAG,CAACY,I;;;uBAEYW,wBAAYa,KAAZ,CAAkBD,IAAlB,C;;;AAAnBE,gBAAAA,U;AACN9C,gBAAAA,IAAI,CAACoC,UAAL,CAAgB,GAAhB,EAAqB,0CAArB,EAAiEU,UAAjE;kDACO9C,IAAI,CAACqC,IAAL,CAAUnB,GAAV,C;;;;;AAEPlB,gBAAAA,IAAI,CAACsC,QAAL,CAAc,GAAd,EAAmB,aAAES,OAArB;kDACO/C,IAAI,CAACqC,IAAL,CAAUnB,GAAV,C;;;;;;;;;;;;;;;;;;;oHAIKT,G,EAAKS,G;;;;;;AACf8B,gBAAAA,M,GAASvC,GAAG,CAACY,I;AACZ4B,gBAAAA,E,GAAMxC,GAAG,CAACyC,M,CAAVD,E;;oBACFE,MAAM,CAACF,EAAD,C;;;;;AACPjD,gBAAAA,IAAI,CAACsC,QAAL,CAAc,GAAd,EAAmB,8BAAnB;kDACOtC,IAAI,CAACqC,IAAL,CAAUnB,GAAV,C;;;;;uBAIcc,wBAAYoB,MAAZ,CAAmBH,EAAnB,EAAuBD,MAAvB,C;;;AAAfK,gBAAAA,M;;AACN,oBAAI,CAACA,MAAL,EAAa;AACTrD,kBAAAA,IAAI,CAACsC,QAAL,CAAc,GAAd,+CAAyDW,EAAzD;AACH,iBAFD,MAEO;AACHjD,kBAAAA,IAAI,CAACoC,UAAL,CAAgB,GAAhB,EAAqB,+BAArB,EAAsDiB,MAAtD;AACH;;kDACMrD,IAAI,CAACqC,IAAL,CAAUnB,GAAV,C;;;;;AAEPlB,gBAAAA,IAAI,CAACsC,QAAL,CAAc,GAAd;kDACOtC,IAAI,CAACqC,IAAL,CAAUnB,GAAV,C;;;;;;;;;;;;;;;;;;;kHAIGT,G,EAAKS,G;;;;;;AACZ+B,gBAAAA,E,GAAMxC,GAAG,CAACyC,M,CAAVD,E;;oBACFE,MAAM,CAACF,EAAD,C;;;;;AACPjD,gBAAAA,IAAI,CAACsC,QAAL,CAAc,GAAd,EAAmB,8BAAnB;kDACOtC,IAAI,CAACqC,IAAL,CAAUnB,GAAV,C;;;;;uBAGcc,wBAAYsB,IAAZ,CAAiBL,EAAjB,C;;;AAAfI,gBAAAA,M;;AACN,oBAAI,CAACA,MAAL,EAAa;AACTrD,kBAAAA,IAAI,CAACsC,QAAL,CAAc,GAAd,yCAAmDW,EAAnD;AACH,iBAFD,MAEO;AACHjD,kBAAAA,IAAI,CAACoC,UAAL,CAAgB,GAAhB,EAAqB,WAArB,EAAkCiB,MAAlC;AACH;;kDACMrD,IAAI,CAACqC,IAAL,CAAUnB,GAAV,C;;;;;AAEPlB,gBAAAA,IAAI,CAACsC,QAAL,CAAc,GAAd;kDACOtC,IAAI,CAACqC,IAAL,CAAUnB,GAAV,C;;;;;;;;;;;;;;;;;;;qHAIMT,G,EAAKS,G;;;;;;AACf+B,gBAAAA,E,GAAMxC,GAAG,CAACyC,M,CAAVD,E;;oBACFE,MAAM,CAACF,EAAD,C;;;;;AACPjD,gBAAAA,IAAI,CAACsC,QAAL,CAAc,GAAd,EAAmB,8BAAnB;kDACOtC,IAAI,CAACqC,IAAL,CAAUnB,GAAV,C;;;;;uBAIcc,wBAAYuB,OAAZ,CAAoBN,EAApB,C;;;AAAfI,gBAAAA,M;;AACN,oBAAIA,MAAJ,EAAY;AACRrD,kBAAAA,IAAI,CAACoC,UAAL,CAAgB,GAAhB,EAAqB,wBAArB;AACH,iBAFD,MAEO;AACHpC,kBAAAA,IAAI,CAACsC,QAAL,CAAc,GAAd,6BAAuCW,EAAvC;AACH;;kDACMjD,IAAI,CAACqC,IAAL,CAAUnB,GAAV,C;;;;;AAEPlB,gBAAAA,IAAI,CAACsC,QAAL,CAAc,GAAd;kDACOtC,IAAI,CAACqC,IAAL,CAAUnB,GAAV,C;;;;;;;;;;;;;;;;;;;;eAKJa,c","sourceRoot":"D:\\NodeWeb\\NodeReviewProjects\\BookApi\\api\\server\\controllers\\","sourcesContent":["import BookService from \"../services/BookService\";\r\nimport Util from \"../utils/Utils\";\r\nimport jimp from 'jimp';\r\nimport multer from 'multer';\r\n\r\nconst util = new Util();\r\nconst imageUploadOptions = {\r\n    storage: multer.memoryStorage(),\r\n    limits: {\r\n        // storing images files up to 1mb\r\n        fileSize: 1024 * 1024 * 1\r\n    },\r\n    fileFilter: (req, file, next) => {\r\n        if (file.mimetype.startsWith(\"image/\")) {\r\n            next(null, true);\r\n        } else {\r\n            next(null, false);\r\n        }\r\n    }\r\n};\r\n\r\nexports.uploadImage = multer(imageUploadOptions).single(\"avatar\");\r\n\r\nexports.resizeImage = async (req, res, next) => {\r\n    if (!req.file) {\r\n        return next();\r\n    }\r\n    const extension = req.file.mimetype.split(\"/\")[1];\r\n    req.body.avatar = `/static/uploads/${Date.now()}.${extension}`;\r\n    const avatar = await jimp.read(req.file.buffer);\r\n    await avatar.resize(750, jimp.AUTO);\r\n    await avatar.write(`./${req.body.avatar}`);\r\n    next();\r\n};\r\n\r\nclass BookController {\r\n    static async index(req, res) {\r\n        try {\r\n            const books = await BookService.index();\r\n            if (books.length > 0) {\r\n                util.setSuccess(200, \"Book are available and hot\", books);\r\n            } else {\r\n                util.setSuccess(200, \"No available books today.\", [])\r\n            }\r\n            return util.send(res);\r\n        }catch (e) {\r\n            util.setError(400, e);\r\n            return util.send(res);\r\n        }\r\n    }\r\n\r\n    static async store(req, res) {\r\n        console.log(req)\r\n        if (!req.body.title ||!req.body.price ||!req.body.description) {\r\n            util.setError(400, \"Please provide or fill up all the details to complete your transaction.\");\r\n            return util.send(res);\r\n        }\r\n        const book = req.body;\r\n        try {\r\n            const createBook = await BookService.store(book);\r\n            util.setSuccess(201, \"New book information added successfully!\", createBook);\r\n            return util.send(res);\r\n        } catch (e) {\r\n            util.setError(400, e.message);\r\n            return util.send(res);\r\n        }\r\n    }\r\n\r\n    static async update(req, res) {\r\n        const modify = req.body;\r\n        const {id} = req.params;\r\n        if (!Number(id)) {\r\n            util.setError(400, \"Please input a valid number!\");\r\n            return util.send(res);\r\n        }\r\n\r\n        try {\r\n            const result = await BookService.update(id, modify);\r\n            if (!result) {\r\n                util.setError(404, `Can't find the book with the id of ${id}`);\r\n            } else {\r\n                util.setSuccess(200, \"Book is updated successfully!\", result);\r\n            }\r\n            return util.send(res);\r\n        } catch (e) {\r\n            util.setError(404, e)\r\n            return util.send(res)\r\n        }\r\n    }\r\n\r\n    static async show(req, res) {\r\n        const {id} = req.params;\r\n        if (!Number(id)) {\r\n            util.setError(400, \"Please input a number value!\");\r\n            return util.send(res);\r\n        }\r\n        try {\r\n            const result = await BookService.show(id);\r\n            if (!result) {\r\n                util.setError(404, `Cannot find book with the id ${id}`);\r\n            } else {\r\n                util.setSuccess(200, \"Found it!\", result);\r\n            }\r\n            return util.send(res);\r\n        } catch (e) {\r\n            util.setError(404, e);\r\n            return util.send(res)\r\n        }\r\n    }\r\n\r\n    static async destroy(req, res) {\r\n        const {id} = req.params;\r\n        if (!Number(id)) {\r\n            util.setError(400, \"Please input a number value!\");\r\n            return util.send(res);\r\n        }\r\n\r\n        try {\r\n            const result = await BookService.destroy(id);\r\n            if (result) {\r\n                util.setSuccess(200, \"Book has been deleted!\");\r\n            } else {\r\n                util.setError(404, `Book with the id ${id} can't be found!`);\r\n            }\r\n            return util.send(res);\r\n        } catch (e) {\r\n            util.setError(400, e);\r\n            return util.send(res);\r\n        }\r\n    }\r\n}\r\n\r\nexport default BookController;"]},"_coverageSchema":"1a1c01bbd47fc00a2c39e90264f33305004495a9","hash":"fc4c3d32e48b3c277d8f879e7f67fec5aac28409","contentHash":"a334d793c35052b373c54cee9d398fa41bc19bbe076fd7ae909d1efa9370b862"},"D:\\NodeWeb\\NodeReviewProjects\\BookApi\\api\\server\\services\\BookService.js":{"path":"D:\\NodeWeb\\NodeReviewProjects\\BookApi\\api\\server\\services\\BookService.js","statementMap":{"0":{"start":{"line":3,"column":29},"end":{"line":3,"column":84}},"1":{"start":{"line":5,"column":0},"end":{"line":7,"column":3}},"2":{"start":{"line":8,"column":0},"end":{"line":8,"column":28}},"3":{"start":{"line":10,"column":19},"end":{"line":10,"column":80}},"4":{"start":{"line":12,"column":25},"end":{"line":12,"column":99}},"5":{"start":{"line":14,"column":23},"end":{"line":14,"column":95}},"6":{"start":{"line":16,"column":20},"end":{"line":16,"column":89}},"7":{"start":{"line":18,"column":14},"end":{"line":18,"column":62}},"8":{"start":{"line":20,"column":31},"end":{"line":254,"column":3}},"9":{"start":{"line":22,"column":4},"end":{"line":22,"column":56}},"10":{"start":{"line":25,"column":2},"end":{"line":252,"column":6}},"11":{"start":{"line":28,"column":19},"end":{"line":51,"column":9}},"12":{"start":{"line":29,"column":8},"end":{"line":50,"column":36}},"13":{"start":{"line":30,"column":10},"end":{"line":49,"column":11}},"14":{"start":{"line":31,"column":12},"end":{"line":48,"column":13}},"15":{"start":{"line":33,"column":16},"end":{"line":33,"column":34}},"16":{"start":{"line":34,"column":16},"end":{"line":34,"column":34}},"17":{"start":{"line":35,"column":16},"end":{"line":35,"column":57}},"18":{"start":{"line":38,"column":16},"end":{"line":38,"column":64}},"19":{"start":{"line":41,"column":16},"end":{"line":41,"column":34}},"20":{"start":{"line":42,"column":16},"end":{"line":42,"column":51}},"21":{"start":{"line":43,"column":16},"end":{"line":43,"column":34}},"22":{"start":{"line":47,"column":16},"end":{"line":47,"column":39}},"23":{"start":{"line":54,"column":8},"end":{"line":54,"column":45}},"24":{"start":{"line":57,"column":6},"end":{"line":57,"column":19}},"25":{"start":{"line":62,"column":19},"end":{"line":91,"column":9}},"26":{"start":{"line":63,"column":8},"end":{"line":90,"column":37}},"27":{"start":{"line":64,"column":10},"end":{"line":89,"column":11}},"28":{"start":{"line":65,"column":12},"end":{"line":88,"column":13}},"29":{"start":{"line":67,"column":16},"end":{"line":67,"column":38}},"30":{"start":{"line":68,"column":16},"end":{"line":68,"column":35}},"31":{"start":{"line":69,"column":16},"end":{"line":69,"column":35}},"32":{"start":{"line":70,"column":16},"end":{"line":75,"column":19}},"33":{"start":{"line":78,"column":16},"end":{"line":78,"column":66}},"34":{"start":{"line":81,"column":16},"end":{"line":81,"column":35}},"35":{"start":{"line":82,"column":16},"end":{"line":82,"column":53}},"36":{"start":{"line":83,"column":16},"end":{"line":83,"column":35}},"37":{"start":{"line":87,"column":16},"end":{"line":87,"column":40}},"38":{"start":{"line":94,"column":8},"end":{"line":94,"column":45}},"39":{"start":{"line":97,"column":6},"end":{"line":97,"column":19}},"40":{"start":{"line":102,"column":20},"end":{"line":149,"column":9}},"41":{"start":{"line":104,"column":8},"end":{"line":148,"column":38}},"42":{"start":{"line":105,"column":10},"end":{"line":147,"column":11}},"43":{"start":{"line":106,"column":12},"end":{"line":146,"column":13}},"44":{"start":{"line":108,"column":16},"end":{"line":108,"column":35}},"45":{"start":{"line":109,"column":16},"end":{"line":109,"column":35}},"46":{"start":{"line":110,"column":16},"end":{"line":114,"column":19}},"47":{"start":{"line":117,"column":16},"end":{"line":117,"column":40}},"48":{"start":{"line":119,"column":16},"end":{"line":122,"column":17}},"49":{"start":{"line":120,"column":18},"end":{"line":120,"column":37}},"50":{"start":{"line":121,"column":18},"end":{"line":121,"column":24}},"51":{"start":{"line":124,"column":16},"end":{"line":124,"column":35}},"52":{"start":{"line":125,"column":16},"end":{"line":129,"column":19}},"53":{"start":{"line":132,"column":16},"end":{"line":132,"column":60}},"54":{"start":{"line":135,"column":16},"end":{"line":135,"column":36}},"55":{"start":{"line":136,"column":16},"end":{"line":136,"column":22}},"56":{"start":{"line":139,"column":16},"end":{"line":139,"column":36}},"57":{"start":{"line":140,"column":16},"end":{"line":140,"column":53}},"58":{"start":{"line":141,"column":16},"end":{"line":141,"column":35}},"59":{"start":{"line":145,"column":16},"end":{"line":145,"column":40}},"60":{"start":{"line":152,"column":8},"end":{"line":152,"column":46}},"61":{"start":{"line":155,"column":6},"end":{"line":155,"column":20}},"62":{"start":{"line":160,"column":18},"end":{"line":187,"column":9}},"63":{"start":{"line":161,"column":8},"end":{"line":186,"column":37}},"64":{"start":{"line":162,"column":10},"end":{"line":185,"column":11}},"65":{"start":{"line":163,"column":12},"end":{"line":184,"column":13}},"66":{"start":{"line":165,"column":16},"end":{"line":165,"column":35}},"67":{"start":{"line":166,"column":16},"end":{"line":166,"column":35}},"68":{"start":{"line":167,"column":16},"end":{"line":171,"column":19}},"69":{"start":{"line":174,"column":16},"end":{"line":174,"column":66}},"70":{"start":{"line":177,"column":16},"end":{"line":177,"column":35}},"71":{"start":{"line":178,"column":16},"end":{"line":178,"column":53}},"72":{"start":{"line":179,"column":16},"end":{"line":179,"column":35}},"73":{"start":{"line":183,"column":16},"end":{"line":183,"column":40}},"74":{"start":{"line":190,"column":8},"end":{"line":190,"column":44}},"75":{"start":{"line":193,"column":6},"end":{"line":193,"column":18}},"76":{"start":{"line":198,"column":21},"end":{"line":244,"column":9}},"77":{"start":{"line":200,"column":8},"end":{"line":243,"column":38}},"78":{"start":{"line":201,"column":10},"end":{"line":242,"column":11}},"79":{"start":{"line":202,"column":12},"end":{"line":241,"column":13}},"80":{"start":{"line":204,"column":16},"end":{"line":204,"column":35}},"81":{"start":{"line":205,"column":16},"end":{"line":205,"column":35}},"82":{"start":{"line":206,"column":16},"end":{"line":210,"column":19}},"83":{"start":{"line":213,"column":16},"end":{"line":213,"column":40}},"84":{"start":{"line":215,"column":16},"end":{"line":218,"column":17}},"85":{"start":{"line":216,"column":18},"end":{"line":216,"column":37}},"86":{"start":{"line":217,"column":18},"end":{"line":217,"column":24}},"87":{"start":{"line":220,"column":16},"end":{"line":220,"column":35}},"88":{"start":{"line":221,"column":16},"end":{"line":225,"column":19}},"89":{"start":{"line":228,"column":16},"end":{"line":228,"column":66}},"90":{"start":{"line":231,"column":16},"end":{"line":231,"column":56}},"91":{"start":{"line":234,"column":16},"end":{"line":234,"column":36}},"92":{"start":{"line":235,"column":16},"end":{"line":235,"column":53}},"93":{"start":{"line":236,"column":16},"end":{"line":236,"column":35}},"94":{"start":{"line":240,"column":16},"end":{"line":240,"column":40}},"95":{"start":{"line":247,"column":8},"end":{"line":247,"column":47}},"96":{"start":{"line":250,"column":6},"end":{"line":250,"column":21}},"97":{"start":{"line":253,"column":2},"end":{"line":253,"column":21}},"98":{"start":{"line":256,"column":15},"end":{"line":256,"column":26}},"99":{"start":{"line":257,"column":0},"end":{"line":257,"column":30}}},"fnMap":{"0":{"name":"(anonymous_0)","decl":{"start":{"line":20,"column":31},"end":{"line":20,"column":32}},"loc":{"start":{"line":20,"column":43},"end":{"line":254,"column":1}},"line":20},"1":{"name":"BookService","decl":{"start":{"line":21,"column":11},"end":{"line":21,"column":22}},"loc":{"start":{"line":21,"column":25},"end":{"line":23,"column":3}},"line":21},"2":{"name":"(anonymous_2)","decl":{"start":{"line":27,"column":11},"end":{"line":27,"column":12}},"loc":{"start":{"line":27,"column":23},"end":{"line":58,"column":5}},"line":27},"3":{"name":"_callee","decl":{"start":{"line":28,"column":106},"end":{"line":28,"column":113}},"loc":{"start":{"line":28,"column":116},"end":{"line":51,"column":7}},"line":28},"4":{"name":"_callee$","decl":{"start":{"line":29,"column":53},"end":{"line":29,"column":61}},"loc":{"start":{"line":29,"column":72},"end":{"line":50,"column":9}},"line":29},"5":{"name":"index","decl":{"start":{"line":53,"column":15},"end":{"line":53,"column":20}},"loc":{"start":{"line":53,"column":23},"end":{"line":55,"column":7}},"line":53},"6":{"name":"(anonymous_6)","decl":{"start":{"line":61,"column":11},"end":{"line":61,"column":12}},"loc":{"start":{"line":61,"column":23},"end":{"line":98,"column":5}},"line":61},"7":{"name":"_callee2","decl":{"start":{"line":62,"column":106},"end":{"line":62,"column":114}},"loc":{"start":{"line":62,"column":125},"end":{"line":91,"column":7}},"line":62},"8":{"name":"_callee2$","decl":{"start":{"line":63,"column":53},"end":{"line":63,"column":62}},"loc":{"start":{"line":63,"column":74},"end":{"line":90,"column":9}},"line":63},"9":{"name":"store","decl":{"start":{"line":93,"column":15},"end":{"line":93,"column":20}},"loc":{"start":{"line":93,"column":25},"end":{"line":95,"column":7}},"line":93},"10":{"name":"(anonymous_10)","decl":{"start":{"line":101,"column":11},"end":{"line":101,"column":12}},"loc":{"start":{"line":101,"column":23},"end":{"line":156,"column":5}},"line":101},"11":{"name":"_callee3","decl":{"start":{"line":102,"column":107},"end":{"line":102,"column":115}},"loc":{"start":{"line":102,"column":130},"end":{"line":149,"column":7}},"line":102},"12":{"name":"_callee3$","decl":{"start":{"line":104,"column":53},"end":{"line":104,"column":62}},"loc":{"start":{"line":104,"column":74},"end":{"line":148,"column":9}},"line":104},"13":{"name":"update","decl":{"start":{"line":151,"column":15},"end":{"line":151,"column":21}},"loc":{"start":{"line":151,"column":32},"end":{"line":153,"column":7}},"line":151},"14":{"name":"(anonymous_14)","decl":{"start":{"line":159,"column":11},"end":{"line":159,"column":12}},"loc":{"start":{"line":159,"column":23},"end":{"line":194,"colu
[...]
:163,"column":23},"end":{"line":194,"column":5}},"line":163},"15":{"name":"_callee4","decl":{"start":{"line":164,"column":106},"end":{"line":164,"column":114}},"loc":{"start":{"line":164,"column":117},"end":{"line":187,"column":7}},"line":164},"16":{"name":"_callee4$","decl":{"start":{"line":165,"column":53},"end":{"line":165,"column":62}},"loc":{"start":{"line":165,"column":74},"end":{"line":186,"column":9}},"line":165},"17":{"name":"index","decl":{"start":{"line":189,"column":15},"end":{"line":189,"column":20}},"loc":{"start":{"line":189,"column":23},"end":{"line":191,"column":7}},"line":189},"18":{"name":"(anonymous_18)","decl":{"start":{"line":197,"column":11},"end":{"line":197,"column":12}},"loc":{"start":{"line":197,"column":23},"end":{"line":228,"column":5}},"line":197},"19":{"name":"_callee5","decl":{"start":{"line":198,"column":106},"end":{"line":198,"column":114}},"loc":{"start":{"line":198,"column":125},"end":{"line":221,"column":7}},"line":198},"20":{"name":"_callee5$","decl":{"start":{"line":199,"column":53},"end":{"line":199,"column":62}},"loc":{"start":{"line":199,"column":74},"end":{"line":220,"column":9}},"line":199},"21":{"name":"store","decl":{"start":{"line":223,"column":15},"end":{"line":223,"column":20}},"loc":{"start":{"line":223,"column":26},"end":{"line":225,"column":7}},"line":223},"22":{"name":"(anonymous_22)","decl":{"start":{"line":231,"column":11},"end":{"line":231,"column":12}},"loc":{"start":{"line":231,"column":23},"end":{"line":295,"column":5}},"line":231},"23":{"name":"_callee6","decl":{"start":{"line":232,"column":107},"end":{"line":232,"column":115}},"loc":{"start":{"line":232,"column":127},"end":{"line":288,"column":7}},"line":232},"24":{"name":"_callee6$","decl":{"start":{"line":234,"column":53},"end":{"line":234,"column":62}},"loc":{"start":{"line":234,"column":74},"end":{"line":287,"column":9}},"line":234},"25":{"name":"update","decl":{"start":{"line":290,"column":15},"end":{"line":290,"column":21}},"loc":{"start":{"line":290,"column":32},"end":{"line":292,"column":7}},"line":290},"26":{"name":"(anonymous_26)","decl":{"start":{"line":298,"column":11},"end":{"line":298,"column":12}},"loc":{"start":{"line":298,"column":23},"end":{"line":365,"column":5}},"line":298},"27":{"name":"_callee7","decl":{"start":{"line":299,"column":116},"end":{"line":299,"column":124}},"loc":{"start":{"line":299,"column":136},"end":{"line":358,"column":7}},"line":299},"28":{"name":"_callee7$","decl":{"start":{"line":301,"column":53},"end":{"line":301,"column":62}},"loc":{"start":{"line":301,"column":74},"end":{"line":357,"column":9}},"line":301},"29":{"name":"change_password","decl":{"start":{"line":360,"column":15},"end":{"line":360,"column":30}},"loc":{"start":{"line":360,"column":41},"end":{"line":362,"column":7}},"line":360},"30":{"name":"(anonymous_30)","decl":{"start":{"line":368,"column":11},"end":{"line":368,"column":12}},"loc":{"start":{"line":368,"column":23},"end":{"line":403,"column":5}},"line":368},"31":{"name":"_callee8","decl":{"start":{"line":369,"column":108},"end":{"line":369,"column":116}},"loc":{"start":{"line":369,"column":121},"end":{"line":396,"column":7}},"line":369},"32":{"name":"_callee8$","decl":{"start":{"line":370,"column":53},"end":{"line":370,"column":62}},"loc":{"start":{"line":370,"column":74},"end":{"line":395,"column":9}},"line":370},"33":{"name":"profile","decl":{"start":{"line":398,"column":15},"end":{"line":398,"column":22}},"loc":{"start":{"line":398,"column":28},"end":{"line":400,"column":7}},"line":398},"34":{"name":"(anonymous_34)","decl":{"start":{"line":406,"column":11},"end":{"line":406,"column":12}},"loc":{"start":{"line":406,"column":23},"end":{"line":460,"column":5}},"line":406},"35":{"name":"_callee9","decl":{"start":{"line":407,"column":108},"end":{"line":407,"column":116}},"loc":{"start":{"line":407,"column":121},"end":{"line":453,"column":7}},"line":407},"36":{"name":"_callee9$","decl":{"start":{"line":409,"column":53},"end":{"line":409,"column":62}},"loc":{"start":{"line":409,"column":74},"end":{"line":452,"column":9}},"line":409},"37":{"name":"destroy","decl":{"start":{"line":455,"column":15},"end":{"line":455,"column":22}},"loc":{"start":{"line":455,"column":29},"end":{"line":457,"column":7}},"line":455}},"branchMap":{"0":{"loc":{"start":{"line":35,"column":12},"end":{"line":61,"column":13}},"type":"switch","locations":[{"start":{"line":36,"column":14},"end":{"line":48,"column":19}},{"start":{"line":50,"column":14},"end":{"line":51,"column":64}},{"start":{"line":53,"column":14},"end":{"line":56,"column":34}},{"start":{"line":58,"column":14},"end":{"line":58,"column":22}},{"start":{"line":59,"column":14},"end":{"line":60,"column":39}}],"line":35},"1":{"loc":{"start":{"line":79,"column":12},"end":{"line":126,"column":13}},"type":"switch","locations":[{"start":{"line":80,"column":14},"end":{"line":88,"column":19}},{"start":{"line":90,"column":14},"end":{"line":103,"column":19}},{"start":{"line":105,"column":14},"end":{"line":116,"column":19}},{"start":{"line":118,"column":14},"end":{"line":121,"column":35}},{"start":{"line":123,"column":14},"end":{"line":123,"column":22}},{"start":{"line":124,"column":14},"end":{"line":125,"column":40}}],"line":79},"2":{"loc":{"start":{"line":94,"column":16},"end":{"line":97,"column":17}},"type":"if","locations":[{"start":{"line":94,"column":16},"end":{"line":97,"column":17}},{"start":{"line":94,"column":16},"end":{"line":97,"column":17}}],"line":94},"3":{"loc":{"start":{"line":143,"column":12},"end":{"line":150,"column":13}},"type":"switch","locations":[{"start":{"line":144,"column":14},"end":{"line":145,"column":56}},{"start":{"line":147,"column":14},"end":{"line":147,"column":21}},{"start":{"line":148,"column":14},"end":{"line":149,"column":40}}],"line":143},"4":{"loc":{"start":{"line":167,"column":12},"end":{"line":184,"column":13}},"type":"switch","locations":[{"start":{"line":168,"column":14},"end":{"line":171,"column":57}},{"start":{"line":173,"column":14},"end":{"line":174,"column":66}},{"start":{"line":176,"column":14},"end":{"line":179,"column":35}},{"start":{"line":181,"column":14},"end":{"line":181,"column":21}},{"start":{"line":182,"column":14},"end":{"line":183,"column":40}}],"line":167},"5":{"loc":{"start":{"line":201,"column":12},"end":{"line":218,"column":13}},"type":"switch","locations":[{"start":{"line":202,"column":14},"end":{"line":205,"column":64}},{"start":{"line":207,"column":14},"end":{"line":208,"column":66}},{"start":{"line":210,"column":14},"end":{"line":213,"column":35}},{"start":{"line":215,"column":14},"end":{"line":215,"column":21}},{"start":{"line":216,"column":14},"end":{"line":217,"column":40}}],"line":201},"6":{"loc":{"start":{"line":236,"column":12},"end":{"line":285,"column":13}},"type":"switch","locations":[{"start":{"line":237,"column":14},"end":{"line":245,"column":19}},{"start":{"line":247,"column":14},"end":{"line":266,"column":19}},{"start":{"line":268,"column":14},"end":{"line":271,"column":59}},{"start":{"line":273,"column":14},"end":{"line":275,"column":22}},{"start":{"line":277,"column":14},"end":{"line":280,"column":35}},{"start":{"line":282,"column":14},"end":{"line":282,"column":22}},{"start":{"line":283,"column":14},"end":{"line":284,"column":40}}],"line":236},"7":{"loc":{"start":{"line":250,"column":16},"end":{"line":253,"column":17}},"type":"if","locations":[{"start":{"line":250,"column":16},"end":{"line":253,"column":17}},{"start":{"line":250,"column":16},"end":{"line":253,"column":17}}],"line":250},"8":{"loc":{"start":{"line":303,"column":12},"end":{"line":355,"column":13}},"type":"switch","locations":[{"start":{"line":304,"column":14},"end":{"line":312,"column":19}},{"start":{"line":314,"column":14},"end":{"line":327,"column":19}},{"start":{"line":329,"column":14},"end":{"line":337,"column":19}},{"start":{"line":339,"column":14},"end":{"line":345,"column":19}},{"start":{"line":347,"column":14},"end":{"line":350,"column":35}},{"start":{"line":352,"column":14},"end":{"line":352,"column":22}},{"start":{"line":353,"column":14},"end":{"line":354,"column":40}}],"line":303},"9":{"loc":{"start":{"line":319,"column":16},"end":{"line":322,"column":17}},"type":"if","locations":[{"start":{"line":319,"column":16},"end":{"line":322,"column":17}},{"start":{"line":319,"column":16},"end":{"line":322,"column":17}}],"line":319},"10":{"loc":{"start":{"line":372,"column":12},"end":{"line":393,"column":13}},"type":"switch","locations":[{"start":{"line":373,"column":14},"end":{"line":380,"column":19}},{"start":{"line":382,"column":14},"end":{"line":383,"column":66}},{"start":{"line":385,"column":14},"end":{"line":388,"column":35}},{"start":{"line":390,"column":14},"end":{"line":390,"column":21}},{"start":{"line":391,"column":14},"end":{"line":392,"column":40}}],"line":372},"11":{"loc":{"start":{"line":411,"column":12},"end":{"line":450,"column":13}},"type":"switch","locations":[{"start":{"line":412,"column":14},"end":{"line":419,"column":19}},{"start":{"line":421,"column":14},"end":{"line":434,"column":19}},{"start":{"line":436,"column":14},"end":{"line":437,"column":66}},{"start":{"line":439,"column":14},"end":{"line":440,"column":56}},{"start":{"line":442,"column":14},"end":{"line":445,"column":35}},{"start":{"line":447,"column":14},"end":{"line":447,"column":22}},{"start":{"line":448,"column":14},"end":{"line":449,"column":40}}],"line":411},"12":{"loc":{"start":{"line":424,"column":16},"end":{"line":427,"column":17}},"type":"if","locations":[{"start":{"line":424,"column":16},"end":{"line":427,"column":17}},{"start":{"line":424,"column":16},"end":{"line":427,"column":17}}],"line":424}},"s":{"0":1,"1":1,"2":1,"3":1,"4":1,"5":1,"6":1,"7":1,"8":1,"9":1,"10":1,"11":0,"12":1,"13":1,"14":0,"15":0,"16":0,"17":0,"18":0,"19":0,"20":0,"21":0,"22":0,"23":0,"24":0,"25":0,"26":1,"27":1,"28":0,"29":0,"30":0,"31":0,"32":0,"33":0,"34":0,"35":0,"36":0,"37":0,"38":0,"39":0,"40":0,"41":0,"42":0,"43":0,"44":0,"45":0,"46":0,"47":0,"48":1,"49":1,"50":0,"51":0,"52":0,"53":0,"54":0,"55":0,"56":1,"57":1,"58":0,"59":0,"60":0,"61":0,"62":0,"63":0,"64":0,"65":0,"66":0,"67":0,"68":0,"69":0,"70":1,"71":1,"72":0,"73":0,"74":0,"75":0,"76":0,"77":0,"78":0,"79":0,"80":0,"81":0,"82":0,"83":0,"84":1,"85":1,"86":0,"87":0,"88":0,"89":0,"90":0,"91":0,"92":0,"93":0,"94":0,"95":0,"96":0,"97":0,"98":0,"99":0,"100":0,"101":0,"102":0,"103":0,"104":0,"105":0,"106":0,"107":0,"108":0,"109":1,"110":1,"111":0,"112":0,"113":0,"114":0,"115":0,"116":0,"117":0,"118":0,"119":0,"120":0,"121":0,"122":0,"123":0,"124":0,"125":0,"126":0,"127":0,"128":0,"129":0,"130":0,"131":0,"132":0,"133":0,"134":0,"135":1,"136":1,"137":0,"138":0,"139":0,"140":0,"141":0,"142":0,"143":0,"144":0,"145":0,"146":0,"147":0,"148":0,"149":1,"150":1,"151":0,"152":0,"153":0,"154":0,"155":0,"156":0,"157":0,"158":0,"159":0,"160":0,"161":0,"162":0,"163":0,"164":0,"165":0,"166":0,"167":0,"168":0,"169":0,"170":1,"171":1,"172":1,"173":1},"f":{"0":1,"1":0,"2":1,"3":0,"4":0,"5":0,"6":1,"7":0,"8":0,"9":0,"10":1,"11":0,"12":0,"13":0,"14":1,"15":0,"16":0,"17":0,"18":1,"19":0,"20":0,"21":0,"22":1,"23":0,"24":0,"25":0,"26":1,"27":0,"28":0,"29":0,"30":1,"31":0,"32":0,"33":0,"34":1,"35":0,"36":0,"37":0},"b":{"0":[0,0,0,0,0],"1":[0,0,0,0,0,0],"2":[0,0],"3":[0,0,0],"4":[0,0,0,0,0],"5":[0,0,0,0,0],"6":[0,0,0,0,0,0,0],"7":[0,0],"8":[0,0,0,0,0,0,0],"9":[0,0],"10":[0,0,0,0,0],"11":[0,0,0,0,0,0,0],"12":[0,0]},"inputSourceMap":{"version":3,"sources":["UserService.js"],"names":["UserService","user","db","User","create","firstName","middleName","lastName","email","avatar","user_type","contact_number","password","bcrypt","hashSync","findOne","where","pw","compareSync","loggedIn","accessToken","message","token","jwt","sign","id","process","env","SECRET_KEY","expiresIn","$request","findAll","params","Number","result","update","$result","console","log","checkCurrentPassword","currentPassword","transaction","newPassword","data","destroy"],"mappings":";;;;;;;;;;;;;;;;;AAAA;;AACA;;AACA;;IAEMA,W;;;;;;;;qHAEoBC,I;;;;;;;uBAEDC,mBAAGC,IAAH,CAAQC,MAAR,CAAe;AACxBC,kBAAAA,SAAS,EAAEJ,IAAI,CAACI,SADQ;AAExBC,kBAAAA,UAAU,EAAEL,IAAI,CAACK,UAFO;AAGxBC,kBAAAA,QAAQ,EAAEN,IAAI,CAACM,QAHS;AAIxBC,kBAAAA,KAAK,EAAEP,IAAI,CAACO,KAJY;AAKxBC,kBAAAA,MAAM,EAAE,aALgB;AAMxBC,kBAAAA,SAAS,EAAET,IAAI,CAACS,SANQ;AAOxBC,kBAAAA,cAAc,EAAEV,IAAI,CAACU,cAPG;AAQxBC,kBAAAA,QAAQ,EAAEC,qBAAOC,QAAP,CAAgBb,IAAI,CAACW,QAArB,EAA+B,CAA/B;AARc,iBAAf,C;;;;;;;;;;;;;;;;;;;;;;;;;;;;;;;;;AAgBDJ,gBAAAA,K,QAAAA,K,EAAOI,Q,QAAAA,Q;;;uBAEAV,mBAAGC,IAAH,CAAQY,OAAR,CAAgB;AAC/BC,kBAAAA,KAAK,EAAE;AAACR,oBAAAA,KAAK,EAALA;AAAD;AADwB,iBAAhB,C;;;AAAbP,gBAAAA,I;AAIAgB,gBAAAA,E,GAAKJ,qBAAOK,WAAP,CAAmBN,QAAnB,EAA6BX,IAAI,CAACW,QAAlC,C;;oBAENK,E;;;;;kDACM;AACHE,kBAAAA,QAAQ,EAAE,KADP;AAEHC,kBAAAA,WAAW,EAAE,IAFV;AAGHC,kBAAAA,OAAO,EAAE;AAHN,iB;;;AAOLC,gBAAAA,K,GAAQC,yBAAIC,IAAJ,CAAS;AAACC,kBAAAA,EAAE,EAAExB,IAAI,CAACwB;AAAV,iBAAT,EAAwBC,OAAO,CAACC,GAAR,CAAYC,UAApC,EAAgD;AAC1DC,kBAAAA,SAAS,EAAE;AAD+C,iBAAhD,C;kDAIP;AACHV,kBAAAA,QAAQ,EAAE,IADP;AAEHM,kBAAAA,EAAE,EAAExB,IAAI,CAACwB,EAFN;AAGHjB,kBAAAA,KAAK,EAAEP,IAAI,CAACO,KAHT;AAIHY,kBAAAA,WAAW,EAAEE;AAJV,iB;;;;;;;;;;;;;;;;;;;;;;;;oHAYKQ,Q;;;;;kDACV,I;;;;;;;;;;;;;;;;;;;;;;;;;;uBAKW5B,mBAAGC,IAAH,CAAQ4B,OAAR,E;;;;;;;;;;;;;;;;;;;;;;;;;;;mHAMFD,Q;;;;;;;uBAEE5B,mBAAGC,IAAH,CAAQC,MAAR,CAAe0B,QAAf,C;;;;;;;;;;;;;;;;;;;;;;;;;;;oHAMDL,E;;;;;;AAAKO,gBAAAA,M,SAAAA,M;;;uBAEI9B,mBAAGC,IAAH,CAAQY,OAAR,CAAgB;AACjCC,kBAAAA,KAAK,EAAE;AAACS,oBAAAA,EAAE,EAAEQ,MAAM,CAACR,EAAD;AAAX;AAD0B,iBAAhB,C;;;AAAfS,gBAAAA,M;;qBAIFA,M;;;;;;uBACsBhC,mBAAGC,IAAH,CAAQgC,MAAR,CAAe;AACjC9B,kBAAAA,SAAS,EAAE2B,MAAM,CAAC3B,SADe;AAEjCC,kBAAAA,UAAU,EAAE0B,MAAM,CAAC1B,UAFc;AAGjCC,kBAAAA,QAAQ,EAAEyB,MAAM,CAACzB,QAHgB;AAIjCI,kBAAAA,cAAc,EAAEqB,MAAM,CAACrB,cAJU;AAKjCH,kBAAAA,KAAK,EAAEwB,MAAM,CAACxB;AALmB,iBAAf,EAMnB;AAACQ,kBAAAA,KAAK,EAAE;AAACS,oBAAAA,EAAE,EAAEQ,MAAM,CAACR,EAAD;AAAX;AAAR,iBANmB,C;;;AAAhBW,gBAAAA,O;AAONC,gBAAAA,OAAO,CAACC,GAAR,CAAY,UAAZ,EAAwBF,OAAxB;kDACOA,O;;;;;;;;;;;;;;;;;;;;;;;;;;;;6HAOUX,E;;;;;;AAAKO,gBAAAA,M,SAAAA,M;;;uBAEP9B,mBAAGC,IAAH,CAAQY,OAAR,CAAgB;AAC/BC,kBAAAA,KAAK,EAAE;AAACS,oBAAAA,EAAE,EAAEQ,MAAM,CAACR,EAAD;AAAX;AADwB,iBAAhB,C;;;AAAbxB,gBAAAA,I;AAGNoC,gBAAAA,OAAO,CAACC,GAAR,CAAYN,MAAZ;AACMO,gBAAAA,oB,GAAuB1B,qBAAOK,WAAP,CAAmBc,MAAM,CAACQ,eAA1B,EAA2CvC,IAAI,CAACW,QAAhD,C;;oBACxB2B,oB;;;;;kDACM;AACHE,kBAAAA,WAAW,EAAE,KADV;AAEHpB,kBAAAA,OAAO,EAAE;AAFN,iB;;;;uBAMWnB,mBAAGC,IAAH,CAAQgC,MAAR,CAAe;AACjCvB,kBAAAA,QAAQ,EAAEC,qBAAOC,QAAP,CAAgBkB,MAAM,CAACU,WAAvB,EAAoC,CAApC;AADuB,iBAAf,EAEpB;AACE1B,kBAAAA,KAAK,EAAE;AAACS,oBAAAA,EAAE,EAAEQ,MAAM,CAACR,EAAD;AAAX;AADT,iBAFoB,C;;;AAAhBW,gBAAAA,O;AAMNC,gBAAAA,OAAO,CAACC,GAAR,CAAY,UAAZ,EAAwBF,OAAxB;kDACO;AACHK,kBAAAA,WAAW,EAAE,IADV;AAEHE,kBAAAA,IAAI,EAAEP;AAFH,iB;;;;;;;;;;;;;;;;;;;;;;;;qHASMX,E;;;;;;;uBAEAvB,mBAAGC,IAAH,CAAQY,OAAR,CAAgB;AACzBC,kBAAAA,KAAK,EAAE;AAAES,oBAAAA,EAAE,EAAEQ,MAAM,CAACR,EAAD;AAAZ;AADkB,iBAAhB,C;;;;;;;;;;;;;;;;;;;;;;;;;;;qHAQAA,E;;;;;;;;uBAEQvB,mBAAGC,IAAH,CAAQY,OAAR,CAAgB;AACjCC,kBAAAA,KAAK,EAAE;AAAES,oBAAAA,EAAE,EAAEQ,MAAM,CAACR,EAAD;AAAZ;AAD0B,iBAAhB,C;;;AAAfS,gBAAAA,M;;qBAGFA,M;;;;;;uBACahC,mBAAGC,IAAH,CAAQyC,OAAR,CAAgB;AACzB5B,kBAAAA,KAAK,EAAE;AAAES,oBAAAA,EAAE,EAAEQ,MAAM,CAACR,EAAD;AAAZ;AADkB,iBAAhB,C;;;;;;kDAIV,I;;;;;;;;;;;;;;;;;;;;;;;;;eAOJzB,W","sourceRoot":"D:\\NodeWeb\\NodeReviewProjects\\BookApi\\api\\server\\services\\","sourcesContent":["import db from '../src/models';\r\nimport bcrypt from \"bcryptjs\";\r\nimport jwt from \"jsonwebtoken\";\r\n\r\nclass UserService {\r\n\r\n    static async register(user) {\r\n        try {\r\n            return await db.User.create({\r\n                firstName: user.firstName,\r\n                middleName: user.middleName,\r\n                lastName: user.lastName,\r\n                email: user.email,\r\n                avatar: \"no-user.jpg\",\r\n                user_type: user.user_type,\r\n                contact_number: user.contact_number,\r\n                password: bcrypt.hashSync(user.password, 8),\r\n            });\r\n        } catch (e) {\r\n            throw e;\r\n            console.log(e)\r\n        }\r\n    }\r\n\r\n    static async login({email, password}) {\r\n        try {\r\n            const user = await db.User.findOne({\r\n                where: {email}\r\n            });\r\n\r\n            const pw = bcrypt.compareSync(password, user.password);\r\n\r\n            if (!pw) {\r\n                return {\r\n                    loggedIn: false,\r\n                    accessToken: null,\r\n                    message: \"Invalid password\",\r\n                };\r\n            }\r\n\r\n            const token = jwt.sign({id: user.id}, process.env.SECRET_KEY, {\r\n                expiresIn: 86400\r\n            });\r\n\r\n            return {\r\n                loggedIn: true,\r\n                id: user.id,\r\n                email: user.email,\r\n                accessToken: token,\r\n            };\r\n\r\n        } catch (e) {\r\n            throw e;\r\n        }\r\n    }\r\n\r\n    static async logout($request) {\r\n       return null;\r\n    }\r\n\r\n    static async index() {\r\n        try {\r\n            return await db.User.findAll();\r\n        } catch (e) {\r\n            throw e;\r\n        }\r\n    }\r\n\r\n    static async store($request) {\r\n        try {\r\n            return await db.User.create($request)\r\n        } catch (e) {\r\n            throw e;\r\n        }\r\n    }\r\n\r\n    static async update(id, {params}) {\r\n        try {\r\n            const result = await db.User.findOne({\r\n                where: {id: Number(id)}\r\n            });\r\n\r\n            if (result) {\r\n                const $result = await db.User.update({\r\n                    firstName: params.firstName,\r\n                    middleName: params.middleName,\r\n                    lastName: params.lastName,\r\n                    contact_number: params.contact_number,\r\n                    email: params.email,\r\n                }, {where: {id: Number(id)}})\r\n                console.log(\"result: \", $result);\r\n                return $result;\r\n            }\r\n        } catch (e) {\r\n            throw e;\r\n        }\r\n    }\r\n\r\n    static async change_password(id, {params}) {\r\n        try {\r\n            const user = await db.User.findOne({\r\n                where: {id: Number(id)}\r\n            });\r\n            console.log(params)\r\n            const checkCurrentPassword = bcrypt.compareSync(params.currentPassword, user.password);\r\n            if (!checkCurrentPassword) {\r\n                return {\r\n                    transaction: false,\r\n                    message: \"The current password is incorrect.\",\r\n                };\r\n            }\r\n\r\n            const $result = await db.User.update({\r\n                password: bcrypt.hashSync(params.newPassword, 8)\r\n            },{\r\n                where: {id: Number(id)}\r\n            });\r\n\r\n            console.log(\"result: \", $result);\r\n            return {\r\n                transaction: true,\r\n                data: $result\r\n            };\r\n        } catch (e) {\r\n            throw e;\r\n        }\r\n    }\r\n\r\n    static async profile(id) {\r\n        try {\r\n            return await db.User.findOne({\r\n                where: { id: Number(id)}\r\n            })\r\n        }catch (e) {\r\n            throw e;\r\n        }\r\n    }\r\n\r\n    static async destroy(id) {\r\n        try {\r\n            const result = await db.User.findOne({\r\n                where: { id: Number(id)}\r\n            });\r\n            if (result) {\r\n                return await db.User.destroy({\r\n                    where: { id: Number(id)}\r\n                });\r\n            }\r\n            return null;\r\n        } catch (e) {\r\n            throw e;\r\n        }\r\n    }\r\n}\r\n\r\nexport default UserService;"]},"_coverageSchema":"1a1c01bbd47fc00a2c39e90264f33305004495a9","hash":"38dfefd219b1e8d60a4666b19bf471f0a4fadd6e","contentHash":"5aa2dab70f13e66b2a7f7320a2172f7d100d2bac7a2c2e95d5650d1bcc9fa90a"}}